make all --print-data-base --no-builtin-variables --no-builtin-rules --question
# GNU Make 4.2.1
# Built for x86_64-pc-linux-gnu
# Copyright (C) 1988-2016 Free Software Foundation, Inc.
# License GPLv3+: GNU GPL version 3 or later <http://gnu.org/licenses/gpl.html>
# This is free software: you are free to change and redistribute it.
# There is NO WARRANTY, to the extent permitted by law.

# Make data base, printed on Mon Jul 25 09:55:02 2022

# Variables

# 'override' directive
GNUMAKEFLAGS := 
# automatic
<D = $(patsubst %/,%,$(dir $<))
# automatic
?F = $(notdir $?)
# environment
DESKTOP_SESSION = ubuntu
# default
.SHELLFLAGS := -c
# environment
XDG_SESSION_CLASS = user
# environment
SNAP_COMMON = /var/snap/code/common
# environment
XDG_SESSION_TYPE = x11
# automatic
?D = $(patsubst %/,%,$(dir $?))
# environment
IM_CONFIG_PHASE = 1
# automatic
@D = $(patsubst %/,%,$(dir $@))
# environment
XAUTHORITY = /run/user/1000/gdm/Xauthority
# environment
GDMSESSION = ubuntu
# environment
XMODIFIERS = @im=ibus
# makefile
CURDIR := /home/oscar/Dokumente/UNI/6.Semester/MasterThesis/EnergyConsumptionFramework-Arduino/EnergyConsumptionFramework
# makefile (from 'Makefile', line 39)
SHELL = /bin/sh
# makefile (from 'Makefile', line 45)
RM = /usr/bin/cmake -E remove -f
# environment
SNAP_DATA = /var/snap/code/102
# environment
VSCODE_NLS_CONFIG = {"locale":"de","availableLanguages":{},"_languagePackSupport":true}
# environment
JOURNAL_STREAM = 8:74154
# environment
XDG_CONFIG_DIRS = /etc/xdg/xdg-ubuntu:/etc/xdg
# environment
SNAP_INSTANCE_NAME = code
# environment
SNAP_ARCH = amd64
# makefile (from 'Makefile', line 54)
CMAKE_BINARY_DIR = /home/oscar/Dokumente/UNI/6.Semester/MasterThesis/EnergyConsumptionFramework-Arduino/EnergyConsumptionFramework
# makefile (from 'Makefile', line 1)
MAKEFILE_LIST :=  Makefile
# automatic
@F = $(notdir $@)
# environment
GIO_LAUNCHED_DESKTOP_FILE = /var/lib/snapd/desktop/applications/code_code.desktop
# environment
USERNAME = oscar
# environment
XDG_DATA_DIRS = /usr/share/ubuntu:/usr/local/share/:/usr/share/:/var/lib/snapd/desktop
# environment
DBUS_SESSION_BUS_ADDRESS = unix:path=/run/user/1000/bus
# environment
_ = /snap/code/102/usr/share/code/code
# environment
MANAGERPID = 5535
# environment
LESSOPEN = | /usr/bin/lesspipe %s
# environment
VSCODE_CWD = /home/oscar
# environment
GSETTINGS_SCHEMA_DIR = /snap/code/102/usr/share/glib-2.0/schemas
# default
MAKE_HOST := x86_64-pc-linux-gnu
# environment
PATH = /home/oscar/esp_vscode/esp-idf/tools:/home/oscar/.local/bin:/home/oscar/esp_vscode/esp-idf/tools:/home/oscar/.local/bin:/usr/local/sbin:/usr/local/bin:/usr/sbin:/usr/bin:/sbin:/bin:/usr/games:/usr/local/games:/snap/bin
# environment
GPG_AGENT_INFO = /run/user/1000/gnupg/S.gpg-agent:0:1
# environment
SESSION_MANAGER = local/oscar-X470-AORUS-ULTRA-GAMING:@/tmp/.ICE-unix/5754,unix/oscar-X470-AORUS-ULTRA-GAMING:/tmp/.ICE-unix/5754
# environment
XDG_RUNTIME_DIR = /run/user/1000
# environment
GDK_PIXBUF_MODULE_FILE = /home/oscar/snap/code/common/.cache/gdk-pixbuf-loaders.cache
# environment
SNAP = /snap/code/102
# environment
SNAP_VERSION = 3b889b09
# environment
XDG_MENU_PREFIX = gnome-
# environment
DISABLE_WAYLAND = 1
# environment
ELECTRON_RUN_AS_NODE = 1
# environment
INVOCATION_ID = ed0aa5b5f58e482eb1d0b4512d7ba2e4
# environment
GDK_PIXBUF_MODULEDIR = /snap/code/102/usr/lib/x86_64-linux-gnu/gdk-pixbuf-2.0/2.10.0/loaders
# default
.FEATURES := target-specific order-only second-expansion else-if shortest-stem undefine oneshell archives jobserver output-sync check-symlink load
# environment
LS_COLORS = 
# environment
XDG_SESSION_DESKTOP = ubuntu
# environment
SSH_AUTH_SOCK = /run/user/1000/keyring/ssh
# environment
GIO_LAUNCHED_DESKTOP_FILE_PID = 40782
# automatic
%F = $(notdir $%)
# environment
DISPLAY = :1
# environment
SNAP_INSTANCE_KEY = 
# environment
PWD = /home/oscar/Dokumente/UNI/6.Semester/MasterThesis/EnergyConsumptionFramework-Arduino/EnergyConsumptionFramework
# default
.LOADED := 
# environment
SSH_AGENT_PID = 5717
# environment
ORIGINAL_XDG_CURRENT_DESKTOP = ubuntu:GNOME
# environment
GTK_MODULES = gail:atk-bridge
# environment
VSCODE_AMD_ENTRYPOINT = vs/workbench/api/node/extensionHostProcess
# environment
HOME = /home/oscar
# environment
LESSCLOSE = /usr/bin/lesspipe %s %s
# environment
VSCODE_CLI = 1
# environment
VSCODE_CODE_CACHE_PATH = /home/oscar/.config/Code/CachedData/3b889b090b5ad5793f524b5d1d39fda662b96a2a
# environment
LOGNAME = oscar
# environment
APPLICATION_INSIGHTS_NO_DIAGNOSTIC_CHANNEL = 1
# makefile (from 'Makefile', line 48)
EQUALS = =
# environment
SNAP_LIBRARY_PATH = /var/lib/snapd/lib/gl:/var/lib/snapd/lib/gl32:/var/lib/snapd/void
# environment
SNAP_CONTEXT = LCYYL1P7dX2zK2LsD-XQ8oTkr4K3SRLIizkczsDn7r9bBEy8stEc
# environment
ELECTRON_NO_ATTACH_CONSOLE = 1
# environment
SNAP_USER_COMMON = /home/oscar/snap/code/common
# environment
VSCODE_HANDLES_UNCAUGHT_ERRORS = true
# environment
GNOME_DESKTOP_SESSION_ID = this-is-deprecated
# automatic
^D = $(patsubst %/,%,$(dir $^))
# environment
MAKELEVEL := 0
# environment
SNAP_REAL_HOME = /home/oscar
# default
MAKE = $(MAKE_COMMAND)
# default
MAKECMDGOALS := all
# environment
QT_IM_MODULE = ibus
# environment
SNAP_USER_DATA = /home/oscar/snap/code/102
# environment
SHLVL = 0
# environment
GNOME_SHELL_SESSION_MODE = ubuntu
# default
MAKE_VERSION := 4.2.1
# environment
USER = oscar
# environment
SNAP_REVISION = 102
# makefile
.DEFAULT_GOAL := default_target
# environment
XDG_CURRENT_DESKTOP = Unity
# makefile (from 'Makefile', line 51)
CMAKE_SOURCE_DIR = /home/oscar/Dokumente/UNI/6.Semester/MasterThesis/EnergyConsumptionFramework-Arduino/EnergyConsumptionFramework
# automatic
%D = $(patsubst %/,%,$(dir $%))
# default
MAKE_COMMAND := make
# default
.VARIABLES := 
# automatic
*F = $(notdir $*)
# environment
VSCODE_IPC_HOOK = /run/user/1000/vscode-b6f35f9c-1.69.2-main.sock
# environment
BAMF_DESKTOP_FILE_HINT = /var/lib/snapd/desktop/applications/code_code.desktop
# makefile
MAKEFLAGS = pqrRs
# environment
MFLAGS = -pqrRs
# automatic
*D = $(patsubst %/,%,$(dir $*))
# environment
IDF_PATH = /home/oscar/esp_vscode/esp-idf
# automatic
+D = $(patsubst %/,%,$(dir $+))
# environment
GDK_BACKEND = x11
# automatic
+F = $(notdir $+)
# environment
QT_ACCESSIBILITY = 1
# default
MAKEFILES := 
# environment
SNAP_COOKIE = LCYYL1P7dX2zK2LsD-XQ8oTkr4K3SRLIizkczsDn7r9bBEy8stEc
# automatic
<F = $(notdir $<)
# environment
SNAP_NAME = code
# environment
LC_ALL = C
# environment
GJS_DEBUG_TOPICS = JS ERROR;JS LOG
# makefile (from 'Makefile', line 42)
CMAKE_COMMAND = /usr/bin/cmake
# automatic
^F = $(notdir $^)
# makefile (from 'Makefile', line 21)
SUFFIXES = 
# environment
SNAP_REEXEC = 
# environment
CHROME_DESKTOP = code-url-handler.desktop
# environment
WINDOWPATH = 2
# environment
IDF_PYTHON_ENV_PATH = /usr/bin/python3
# default
.INCLUDE_DIRS = /usr/include /usr/local/include /usr/include
# environment
GJS_DEBUG_OUTPUT = stderr
# default
.RECIPEPREFIX := 
# environment
LANG = C
# environment
VSCODE_PID = 40841
# variable set hash-table stats:
# Load=122/1024=12%, Rehash=0, Collisions=20/156=13%

# Pattern-specific Variable Values

# No pattern-specific variable values.

# Directories

# . (device 66308, inode 30413282): 35 files, no impossibilities.

# 35 files, no impossibilities in 1 directories.

# Implicit Rules

%.hpux_make_needs_suffix_list:

# 1 implicit rules, 0 (0.0%) terminal.

# Files

__idf_cxx: cmake_check_build_system
#  Phony target (prerequisite of .PHONY).
#  Implicit rule search has not been done.
#  File does not exist.
#  File has not been updated.
#  recipe to execute (from 'Makefile', line 1165):
	$(MAKE) -f CMakeFiles/Makefile2 __idf_cxx

__idf_spi_flash: cmake_check_build_system
#  Phony target (prerequisite of .PHONY).
#  Implicit rule search has not been done.
#  File does not exist.
#  File has not been updated.
 
#  recipe to execute (from 'Makefile', line 788):
	$(MAKE) -f CMakeFiles/Makefile2 __idf_spi_flash

__idf_esp_serial_slave_link: cmake_check_build_system
#  Phony target (prerequisite of .PHONY).
#  Implicit rule search has not been done.
#  File does not exist.
#  File has not been updated.
#  recipe to execute (from 'Makefile', line 1451):
	$(MAKE) -f CMakeFiles/Makefile2 __idf_esp_serial_slave_link

__idf_wpa_supplicant: cmake_check_build_system
#  Phony target (prerequisite of .PHONY).
#  Implicit rule search has not been done.
#  File does not exist.
#  File has not been updated.
#  recipe to execute (from 'Makefile', line 996):
	$(MAKE) -f CMakeFiles/Makefile2 __idf_wpa_supplicant

encrypted-app-flash/fast:
#  Phony target (prerequisite of .PHONY).
#  Implicit rule search has not been done.
#  File does not exist.
#  File has not been updated.
#  recipe to execute (from 'Makefile', line 663):
	$(MAKE) -f esp-idf/esptool_py/CMakeFiles/encrypted-app-flash.dir/build.make esp-idf/esptool_py/CMakeFiles/encrypted-app-flash.dir/build

app/fast:
#  Phony target (prerequisite of .PHONY).
#  Implicit rule search has not been done.
#  File does not exist.
#  File has not been updated.
#  recipe to execute (from 'Makefile', line 260):
	$(MAKE) -f CMakeFiles/app.dir/build.make CMakeFiles/app.dir/build

cmake_force:
#  Phony target (prerequisite of .PHONY).
#  Implicit rule search has not been done.
#  File does not exist.
#  File has not been updated.

__idf_pthread: cmake_check_build_system
#  Phony target (prerequisite of .PHONY).
#  Implicit rule search has not been done.
#  File does not exist.
#  File has not been updated.
#  recipe to execute (from 'Makefile', line 814):
	$(MAKE) -f CMakeFiles/Makefile2 __idf_pthread

efuse_common_table/fast:
#  Phony target (prerequisite of .PHONY).
#  Implicit rule search has not been done.
#  File does not exist.
#  File has not been updated.
#  recipe to execute (from 'Makefile', line 416):
	$(MAKE) -f esp-idf/efuse/CMakeFiles/efuse_common_table.dir/build.make esp-idf/efuse/CMakeFiles/efuse_common_table.dir/build

__idf_driver: cmake_check_build_system
#  Phony target (prerequisite of .PHONY).
#  Implicit rule search has not been done.
#  File does not exist.
#  File has not been updated.
#  recipe to execute (from 'Makefile', line 502):
	$(MAKE) -f CMakeFiles/Makefile2 __idf_driver

list_install_components:
#  Phony target (prerequisite of .PHONY).
#  Implicit rule search has not been done.
#  File does not exist.
#  File has not been updated.
#  recipe to execute (from 'Makefile', line 107):
	@$(CMAKE_COMMAND) -E cmake_echo_color --switch=$(COLOR) --cyan "Available install components are: \"Unspecified\""

__idf_tcp_transport/fast:
#  Phony target (prerequisite of .PHONY).
#  Implicit rule search has not been done.
#  File does not exist.
#  File has not been updated.
#  recipe to execute (from 'Makefile', line 1326):
	$(MAKE) -f esp-idf/tcp_transport/CMakeFiles/__idf_tcp_transport.dir/build.make esp-idf/tcp_transport/CMakeFiles/__idf_tcp_transport.dir/build

__idf_esp_adc_cal/fast:
#  Phony target (prerequisite of .PHONY).
#  Implicit rule search has not been done.
#  File does not exist.
#  File has not been updated.
#  recipe to execute (from 'Makefile', line 1300):
	$(MAKE) -f esp-idf/esp_adc_cal/CMakeFiles/__idf_esp_adc_cal.dir/build.make esp-idf/esp_adc_cal/CMakeFiles/__idf_esp_adc_cal.dir/build

partition-table-flash/fast:
#  Phony target (prerequisite of .PHONY).
#  Implicit rule search has not been done.
#  File does not exist.
#  File has not been updated.
#  recipe to execute (from 'Makefile', line 715):
	$(MAKE) -f esp-idf/partition_table/CMakeFiles/partition-table-flash.dir/build.make esp-idf/partition_table/CMakeFiles/partition-table-flash.dir/build

__idf_app_update: cmake_check_build_system
#  Phony target (prerequisite of .PHONY).
#  Implicit rule search has not been done.
#  File does not exist.
#  File has not been updated.
#  recipe to execute (from 'Makefile', line 762):
	$(MAKE) -f CMakeFiles/Makefile2 __idf_app_update

install/local: preinstall
#  Phony target (prerequisite of .PHONY).
#  Implicit rule search has not been done.
#  File does not exist.
#  File has not been updated.
#  recipe to execute (from 'Makefile', line 83):
	@$(CMAKE_COMMAND) -E cmake_echo_color --switch=$(COLOR) --cyan "Installing only the local directory..."
	/usr/bin/cmake -DCMAKE_INSTALL_LOCAL_ONLY=1 -P cmake_install.cmake

__idf_espcoredump: cmake_check_build_system
#  Phony target (prerequisite of .PHONY).
#  Implicit rule search has not been done.
#  File does not exist.
#  File has not been updated.
#  recipe to execute (from 'Makefile', line 840):
	$(MAKE) -f CMakeFiles/Makefile2 __idf_espcoredump

__idf_esp_event: cmake_check_build_system
#  Phony target (prerequisite of .PHONY).
#  Implicit rule search has not been done.
#  File does not exist.
#  File has not been updated.
#  recipe to execute (from 'Makefile', line 983):
	$(MAKE) -f CMakeFiles/Makefile2 __idf_esp_event

edit_cache:
#  Phony target (prerequisite of .PHONY).
#  Implicit rule search has not been done.
#  File does not exist.
#  File has not been updated.
#  recipe to execute (from 'Makefile', line 72):
	@$(CMAKE_COMMAND) -E cmake_echo_color --switch=$(COLOR) --cyan "No interactive CMake dialog available..."
	/usr/bin/cmake -E echo No\ interactive\ CMake\ dialog\ available.

__idf_esp_phy/fast:
#  Phony target (prerequisite of .PHONY).
#  Implicit rule search has not been done.
#  File does not exist.
#  File has not been updated.
#  recipe to execute (from 'Makefile', line 858):
	$(MAKE) -f esp-idf/esp_phy/CMakeFiles/__idf_esp_phy.dir/build.make esp-idf/esp_phy/CMakeFiles/__idf_esp_phy.dir/build

__idf_log/fast:
#  Phony target (prerequisite of .PHONY).
#  Implicit rule search has not been done.
#  File does not exist.
#  File has not been updated.
#  recipe to execute (from 'Makefile', line 1053):
	$(MAKE) -f esp-idf/log/CMakeFiles/__idf_log.dir/build.make esp-idf/log/CMakeFiles/__idf_log.dir/build

_project_elf_src: cmake_check_build_system
#  Phony target (prerequisite of .PHONY).
#  Implicit rule search has not been done.
#  File does not exist.
#  File has not been updated.
#  recipe to execute (from 'Makefile', line 307):
	$(MAKE) -f CMakeFiles/Makefile2 _project_elf_src

__idf_spiffs: cmake_check_build_system
#  Phony target (prerequisite of .PHONY).
#  Implicit rule search has not been done.
#  File does not exist.
#  File has not been updated.
#  recipe to execute (from 'Makefile', line 1607):
	$(MAKE) -f CMakeFiles/Makefile2 __idf_spiffs

size-files/fast:
#  Phony target (prerequisite of .PHONY).
#  Implicit rule search has not been done.
#  File does not exist.
#  File has not been updated.
#  recipe to execute (from 'Makefile', line 351):
	$(MAKE) -f CMakeFiles/size-files.dir/build.make CMakeFiles/size-files.dir/build

__idf_soc: cmake_check_build_system
#  Phony target (prerequisite of .PHONY).
#  Implicit rule search has not been done.
#  File does not exist.
#  File has not been updated.
#  recipe to execute (from 'Makefile', line 1074):
	$(MAKE) -f CMakeFiles/Makefile2 __idf_soc

bootloader: cmake_check_build_system
#  Phony target (prerequisite of .PHONY).
#  Implicit rule search has not been done.
#  File does not exist.
#  File has not been updated.
#  recipe to execute (from 'Makefile', line 229):
	$(MAKE) -f CMakeFiles/Makefile2 bootloader

__idf_cmock: cmake_check_build_system
#  Phony target (prerequisite of .PHONY).
#  Implicit rule search has not been done.
#  File does not exist.
#  File has not been updated.
#  recipe to execute (from 'Makefile', line 1243):
	$(MAKE) -f CMakeFiles/Makefile2 __idf_cmock

all: cmake_check_build_system
#  Phony target (prerequisite of .PHONY).
#  Command line target.
#  Implicit rule search has not been done.
#  File does not exist.
#  File has been updated.
#  Needs to be updated (-q is set).
# variable set hash-table stats:
# Load=0/32=0%, Rehash=0, Collisions=0/6=0%
#  recipe to execute (from 'Makefile', line 129):
	$(CMAKE_COMMAND) -E cmake_progress_start /home/oscar/Dokumente/UNI/6.Semester/MasterThesis/EnergyConsumptionFramework-Arduino/EnergyConsumptionFramework/CMakeFiles /home/oscar/Dokumente/UNI/6.Semester/MasterThesis/EnergyConsumptionFramework-Arduino/EnergyConsumptionFramework/CMakeFiles/progress.marks
	$(MAKE) -f CMakeFiles/Makefile2 all
	$(CMAKE_COMMAND) -E cmake_progress_start /home/oscar/Dokumente/UNI/6.Semester/MasterThesis/EnergyConsumptionFramework-Arduino/EnergyConsumptionFramework/CMakeFiles 0

__idf_esp_http_client/fast:
#  Phony target (prerequisite of .PHONY).
#  Implicit rule search has not been done.
#  File does not exist.
#  File has not been updated.
#  recipe to execute (from 'Makefile', line 1339):
	$(MAKE) -f esp-idf/esp_http_client/CMakeFiles/__idf_esp_http_client.dir/build.make esp-idf/esp_http_client/CMakeFiles/__idf_esp_http_client.dir/build

__idf_esp_common: cmake_check_build_system
#  Phony target (prerequisite of .PHONY).
#  Implicit rule search has not been done.
#  File does not exist.
#  File has not been updated.
#  recipe to execute (from 'Makefile', line 1113):
	$(MAKE) -f CMakeFiles/Makefile2 __idf_esp_common

uf2-app: cmake_check_build_system
#  Phony target (prerequisite of .PHONY).
#  Implicit rule search has not been done.
#  File does not exist.
#  File has not been updated.
#  recipe to execute (from 'Makefile', line 268):
	$(MAKE) -f CMakeFiles/Makefile2 uf2-app

__idf_protocomm/fast:
#  Phony target (prerequisite of .PHONY).
#  Implicit rule search has not been done.
#  File does not exist.
#  File has not been updated.
#  recipe to execute (from 'Makefile', line 1404):
	$(MAKE) -f esp-idf/protocomm/CMakeFiles/__idf_protocomm.dir/build.make esp-idf/protocomm/CMakeFiles/__idf_protocomm.dir/build

size/fast:
#  Phony target (prerequisite of .PHONY).
#  Implicit rule search has not been done.
#  File does not exist.
#  File has not been updated.
#  recipe to execute (from 'Makefile', line 364):
	$(MAKE) -f CMakeFiles/size.dir/build.make CMakeFiles/size.dir/build

efuse_custom_table: cmake_check_build_system
#  Phony target (prerequisite of .PHONY).
#  Implicit rule search has not been done.
#  File does not exist.
#  File has not been updated.
#  recipe to execute (from 'Makefile', line 450):
	$(MAKE) -f CMakeFiles/Makefile2 efuse_custom_table

.PHONY: default_target cmake_force rebuild_cache rebuild_cache/fast edit_cache edit_cache/fast install/local install/local/fast install install/fast list_install_components list_install_components/fast install/strip install/strip/fast all clean clean/fast preinstall preinstall/fast depend uf2 uf2/fast size-components size-components/fast menuconfig menuconfig/fast flash flash/fast confserver confserver/fast bootloader bootloader/fast gen_project_binary gen_project_binary/fast app app/fast uf2-app uf2-app/fast erase_flash erase_flash/fast monitor monitor/fast _project_elf_src _project_elf_src/fast EnergyConsumptionFramework.elf EnergyConsumptionFramework.elf/fast encrypted-flash encrypted-flash/fast size-files size-files/fast size size/fast __idf_esp_ringbuf __idf_esp_ringbuf/fast __idf_efuse __idf_efuse/fast efuse-common-table efuse-common-table/fast efuse_common_table efuse_common_table/fast show-efuse-table show-efuse-table/fast efuse-custom-table efuse-custom-table/fast efuse_custom_table efuse_custom_table/fast show_efuse_table show_efuse_table/fast efuse_test_table efuse_test_table/fast __idf_esp_ipc __idf_esp_ipc/fast __idf_driver __idf_driver/fast __idf_esp_pm __idf_esp_pm/fast custom_bundle custom_bundle/fast __idf_mbedtls __idf_mbedtls/fast apidoc apidoc/fast lib lib/fast mbedtls mbedtls/fast mbedx509 mbedx509/fast mbedcrypto mbedcrypto/fast encrypted-bootloader-flash encrypted-bootloader-flash/fast bootloader-flash bootloader-flash/fast app_check_size app_check_size/fast encrypted-app-flash encrypted-app-flash/fast app-flash app-flash/fast partition_table-flash partition_table-flash/fast encrypted-partition-table-flash encrypted-partition-table-flash/fast partition-table-flash partition-table-flash/fast partition-table partition-table/fast partition_table_bin partition_table_bin/fast partition_table partition_table/fast __idf_app_update __idf_app_update/fast __idf_bootloader_support __idf_bootloader_support/fast __idf_spi_flash __idf_spi_flash/fast __idf_nvs_flash __idf_nvs_flash/fast __idf_pthread __idf_pthread/fast __idf_esp_gdbstub __idf_esp_gdbstub/fast __idf_espcoredump __idf_espcoredump/fast __idf_esp_phy __idf_esp_phy/fast memory_ld memory_ld/fast __ldgen_output_sections.ld __ldgen_output_sections.ld/fast __idf_esp_system __idf_esp_system/fast __idf_esp_rom __idf_esp_rom/fast __idf_hal __idf_hal/fast __idf_vfs __idf_vfs/fast __idf_esp_eth __idf_esp_eth/fast __idf_tcpip_adapter __idf_tcpip_adapter/fast __idf_esp_netif __idf_esp_netif/fast __idf_esp_event __idf_esp_event/fast __idf_wpa_supplicant __idf_wpa_supplicant/fast __idf_esp_wifi __idf_esp_wifi/fast __idf_console __idf_console/fast __idf_lwip __idf_lwip/fast __idf_log __idf_log/fast __idf_heap __idf_heap/fast __idf_soc __idf_soc/fast __idf_esp_hw_support __idf_esp_hw_support/fast __idf_xtensa __idf_xtensa/fast __idf_esp_common __idf_esp_common/fast __idf_esp_timer __idf_esp_timer/fast __idf_freertos __idf_freertos/fast __idf_newlib __idf_newlib/fast __idf_cxx __idf_cxx/fast __idf_app_trace __idf_app_trace/fast __idf_asio __idf_asio/fast __idf_bt __idf_bt/fast __idf_cbor __idf_cbor/fast __idf_unity __idf_unity/fast __idf_cmock __idf_cmock/fast __idf_coap __idf_coap/fast __idf_nghttp __idf_nghttp/fast __idf_esp-tls __idf_esp-tls/fast __idf_esp_adc_cal __idf_esp_adc_cal/fast __idf_esp_hid __idf_esp_hid/fast __idf_tcp_transport __idf_tcp_transport/fast __idf_esp_http_client __idf_esp_http_client/fast __idf_esp_http_server __idf_esp_http_server/fast __idf_esp_https_ota __idf_esp_https_ota/fast __idf_esp_lcd __idf_esp_lcd/fast __idf_protobuf-c __idf_protobuf-c/fast __idf_protocomm __idf_protocomm/fast __idf_mdns __idf_mdns/fast __idf_esp_local_ctrl __idf_esp_local_ctrl/fast __idf_sdmmc __idf_sdmmc/fast __idf_esp_serial_slave_link __idf_esp_serial_slave_link/fast __idf_esp_websocket_client __idf_esp_websocket_client/fast __idf_expat __idf_expat/fast __idf_wear_levelling __idf_wear_levelling/fast __idf_fatfs __idf_fatfs/fast __idf_freemodbus __idf_freemodbus/fast __idf_jsmn __idf_jsmn/fast __idf_json __idf_json/fast __idf_libsodium __idf_libsodium/fast __idf_mqtt __idf_mqtt/fast __idf_openssl __idf_openssl/fast __idf_perfmon __idf_perfmon/fast __idf_spiffs __idf_spiffs/fast __idf_ulp __idf_ulp/fast __idf_wifi_provisioning __idf_wifi_provisioning/fast __idf_src __idf_src/fast project_elf_src_esp32.obj project_elf_src_esp32.c.obj project_elf_src_esp32.i project_elf_src_esp32.c.i project_elf_src_esp32.s project_elf_src_esp32.c.s help cmake_check_build_system
#  Implicit rule search has not been done.
#  Modification time never checked.
#  File has not been updated.

custom_bundle/fast:
#  Phony target (prerequisite of .PHONY).
#  Implicit rule search has not been done.
#  File does not exist.
#  File has not been updated.
#  recipe to execute (from 'Makefile', line 533):
	$(MAKE) -f esp-idf/mbedtls/CMakeFiles/custom_bundle.dir/build.make esp-idf/mbedtls/CMakeFiles/custom_bundle.dir/build

efuse-common-table: cmake_check_build_system
#  Phony target (prerequisite of .PHONY).
#  Implicit rule search has not been done.
#  File does not exist.
#  File has not been updated.
#  recipe to execute (from 'Makefile', line 398):
	$(MAKE) -f CMakeFiles/Makefile2 efuse-common-table

partition_table-flash: cmake_check_build_system
#  Phony target (prerequisite of .PHONY).
#  Implicit rule search has not been done.
#  File does not exist.
#  File has not been updated.
#  recipe to execute (from 'Makefile', line 684):
	$(MAKE) -f CMakeFiles/Makefile2 partition_table-flash

__idf_hal/fast:
#  Phony target (prerequisite of .PHONY).
#  Implicit rule search has not been done.
#  File does not exist.
#  File has not been updated.
#  recipe to execute (from 'Makefile', line 923):
	$(MAKE) -f esp-idf/hal/CMakeFiles/__idf_hal.dir/build.make esp-idf/hal/CMakeFiles/__idf_hal.dir/build

__idf_cxx/fast:
#  Phony target (prerequisite of .PHONY).
#  Implicit rule search has not been done.
#  File does not exist.
#  File has not been updated.
#  recipe to execute (from 'Makefile', line 1170):
	$(MAKE) -f esp-idf/cxx/CMakeFiles/__idf_cxx.dir/build.make esp-idf/cxx/CMakeFiles/__idf_cxx.dir/build

__idf_esp_pm/fast:
#  Phony target (prerequisite of .PHONY).
#  Implicit rule search has not been done.
#  File does not exist.
#  File has not been updated.
#  recipe to execute (from 'Makefile', line 520):
	$(MAKE) -f esp-idf/esp_pm/CMakeFiles/__idf_esp_pm.dir/build.make esp-idf/esp_pm/CMakeFiles/__idf_esp_pm.dir/build
 

show_efuse_table: cmake_check_build_system
#  Phony target (prerequisite of .PHONY).
#  Implicit rule search has not been done.
#  File does not exist.
#  File has not been updated.
#  recipe to execute (from 'Makefile', line 463):
	$(MAKE) -f CMakeFiles/Makefile2 show_efuse_table

gen_project_binary/fast:
#  Phony target (prerequisite of .PHONY).
#  Implicit rule search has not been done.
#  File does not exist.
#  File has not been updated.
#  recipe to execute (from 'Makefile', line 247):
	$(MAKE) -f CMakeFiles/gen_project_binary.dir/build.make CMakeFiles/gen_project_binary.dir/build

__ldgen_output_sections.ld/fast:
#  Phony target (prerequisite of .PHONY).
#  Implicit rule search has not been done.
#  File does not exist.
#  File has not been updated.
#  recipe to execute (from 'Makefile', line 884):
	$(MAKE) -f esp-idf/esp_system/CMakeFiles/__ldgen_output_sections.ld.dir/build.make esp-idf/esp_system/CMakeFiles/__ldgen_output_sections.ld.dir/build

__idf_esp_common/fast:
#  Phony target (prerequisite of .PHONY).
#  Implicit rule search has not been done.
#  File does not exist.
#  File has not been updated.
#  recipe to execute (from 'Makefile', line 1118):
	$(MAKE) -f esp-idf/esp_common/CMakeFiles/__idf_esp_common.dir/build.make esp-idf/esp_common/CMakeFiles/__idf_esp_common.dir/build

__idf_efuse/fast:
#  Phony target (prerequisite of .PHONY).
#  Implicit rule search has not been done.
#  File does not exist.
#  File has not been updated.
#  recipe to execute (from 'Makefile', line 390):
	$(MAKE) -f esp-idf/efuse/CMakeFiles/__idf_efuse.dir/build.make esp-idf/efuse/CMakeFiles/__idf_efuse.dir/build

monitor: cmake_check_build_system
#  Phony target (prerequisite of .PHONY).
#  Implicit rule search has not been done.
#  File does not exist.
#  File has not been updated.
#  recipe to execute (from 'Makefile', line 294):
	$(MAKE) -f CMakeFiles/Makefile2 monitor

preinstall/fast:
#  Phony target (prerequisite of .PHONY).
#  Implicit rule search has not been done.
#  File does not exist.
#  File has not been updated.
#  recipe to execute (from 'Makefile', line 151):
	$(MAKE) -f CMakeFiles/Makefile2 preinstall

__idf_esp_https_ota/fast:
#  Phony target (prerequisite of .PHONY).
#  Implicit rule search has not been done.
#  File does not exist.
#  File has not been updated.
#  recipe to execute (from 'Makefile', line 1365):
	$(MAKE) -f esp-idf/esp_https_ota/CMakeFiles/__idf_esp_https_ota.dir/build.make esp-idf/esp_https_ota/CMakeFiles/__idf_esp_https_ota.dir/build

__idf_esp_lcd/fast:
#  Phony target (prerequisite of .PHONY).
#  Implicit rule search has not been done.
#  File does not exist.
#  File has not been updated.
#  recipe to execute (from 'Makefile', line 1378):
	$(MAKE) -f esp-idf/esp_lcd/CMakeFiles/__idf_esp_lcd.dir/build.make esp-idf/esp_lcd/CMakeFiles/__idf_esp_lcd.dir/build

mbedcrypto: cmake_check_build_system
#  Phony target (prerequisite of .PHONY).
#  Implicit rule search has not been done.
#  File does not exist.
#  File has not been updated.
#  recipe to execute (from 'Makefile', line 606):
	$(MAKE) -f CMakeFiles/Makefile2 mbedcrypto

lib/fast:
#  Phony target (prerequisite of .PHONY).
#  Implicit rule search has not been done.
#  File does not exist.
#  File has not been updated.
#  recipe to execute (from 'Makefile', line 572):
	$(MAKE) -f esp-idf/mbedtls/mbedtls/library/CMakeFiles/lib.dir/build.make esp-idf/mbedtls/mbedtls/library/CMakeFiles/lib.dir/build

__idf_esp-tls/fast:
#  Phony target (prerequisite of .PHONY).
#  Implicit rule search has not been done.
#  File does not exist.
#  File has not been updated.
#  recipe to execute (from 'Makefile', line 1287):
	$(MAKE) -f esp-idf/esp-tls/CMakeFiles/__idf_esp-tls.dir/build.make esp-idf/esp-tls/CMakeFiles/__idf_esp-tls.dir/build

__idf_fatfs: cmake_check_build_system
#  Phony target (prerequisite of .PHONY).
#  Implicit rule search has not been done.
#  File does not exist.
#  File has not been updated.
#  recipe to execute (from 'Makefile', line 1503):
	$(MAKE) -f CMakeFiles/Makefile2 __idf_fatfs

__idf_esp_websocket_client/fast:
#  Phony target (prerequisite of .PHONY).
#  Implicit rule search has not been done.
#  File does not exist.
#  File has not been updated.
#  recipe to execute (from 'Makefile', line 1469):
	$(MAKE) -f esp-idf/esp_websocket_client/CMakeFiles/__idf_esp_websocket_client.dir/build.make esp-idf/esp_websocket_client/CMakeFiles/__idf_esp_websocket_client.dir/build

__idf_src/fast:
#  Phony target (prerequisite of .PHONY).
#  Implicit rule search has not been done.
#  File does not exist.
#  File has not been updated.
#  recipe to execute (from 'Makefile', line 1651):
	$(MAKE) -f esp-idf/src/CMakeFiles/__idf_src.dir/build.make esp-idf/src/CMakeFiles/__idf_src.dir/build

encrypted-app-flash: cmake_check_build_system
#  Phony target (prerequisite of .PHONY).
#  Implicit rule search has not been done.
#  File does not exist.
#  File has not been updated.
#  recipe to execute (from 'Makefile', line 658):
	$(MAKE) -f CMakeFiles/Makefile2 encrypted-app-flash

__idf_nghttp/fast:
#  Phony target (prerequisite of .PHONY).
#  Implicit rule search has not been done.
#  File does not exist.
#  File has not been updated.
#  recipe to execute (from 'Makefile', line 1274):
	$(MAKE) -f esp-idf/nghttp/CMakeFiles/__idf_nghttp.dir/build.make esp-idf/nghttp/CMakeFiles/__idf_nghttp.dir/build

__idf_coap/fast:
#  Phony target (prerequisite of .PHONY).
#  Implicit rule search has not been done.
#  File does not exist.
#  File has not been updated.
#  recipe to execute (from 'Makefile', line 1261):
	$(MAKE) -f esp-idf/coap/CMakeFiles/__idf_coap.dir/build.make esp-idf/coap/CMakeFiles/__idf_coap.dir/build

__idf_mdns: cmake_check_build_system
#  Phony target (prerequisite of .PHONY).
#  Implicit rule search has not been done.
#  File does not exist.
#  File has not been updated.
#  recipe to execute (from 'Makefile', line 1412):
	$(MAKE) -f CMakeFiles/Makefile2 __idf_mdns

__idf_esp_ringbuf: cmake_check_build_system
#  Phony target (prerequisite of .PHONY).
#  Implicit rule search has not been done.
#  File does not exist.
#  File has not been updated.
#  recipe to execute (from 'Makefile', line 372):
	$(MAKE) -f CMakeFiles/Makefile2 __idf_esp_ringbuf

.SUFFIXES: .hpux_make_needs_suffix_list
#  Implicit rule search has not been done.
#  Modification time never checked.
#  File has not been updated.

__idf_expat/fast:
#  Phony target (prerequisite of .PHONY).
#  Implicit rule search has not been done.
#  File does not exist.
#  File has not been updated.
#  recipe to execute (from 'Makefile', line 1482):
	$(MAKE) -f esp-idf/expat/CMakeFiles/__idf_expat.dir/build.make esp-idf/expat/CMakeFiles/__idf_expat.dir/build

efuse_test_table: cmake_check_build_system
#  Phony target (prerequisite of .PHONY).
#  Implicit rule search has not been done.
#  File does not exist.
#  File has not been updated.
#  recipe to execute (from 'Makefile', line 476):
	$(MAKE) -f CMakeFiles/Makefile2 efuse_test_table

partition-table-flash: cmake_check_build_system
#  Phony target (prerequisite of .PHONY).
#  Implicit rule search has not been done.
#  File does not exist.
#  File has not been updated.
#  recipe to execute (from 'Makefile', line 710):
	$(MAKE) -f CMakeFiles/Makefile2 partition-table-flash

__idf_ulp/fast:
#  Phony target (prerequisite of .PHONY).
#  Implicit rule search has not been done.
#  File does not exist.
#  File has not been updated.
#  recipe to execute (from 'Makefile', line 1625):
	$(MAKE) -f esp-idf/ulp/CMakeFiles/__idf_ulp.dir/build.make esp-idf/ulp/CMakeFiles/__idf_ulp.dir/build

mbedtls/fast:
#  Phony target (prerequisite of .PHONY).
#  Implicit rule search has not been done.
#  File does not exist.
#  File has not been updated.
#  recipe to execute (from 'Makefile', line 585):
	$(MAKE) -f esp-idf/mbedtls/mbedtls/library/CMakeFiles/mbedtls.dir/build.make esp-idf/mbedtls/mbedtls/library/CMakeFiles/mbedtls.dir/build

# Not a target:
Makefile:
#  Implicit rule search has been done.
#  Last modified 2022-07-23 15:21:07.258800807
#  File has been updated.
#  Successfully updated.

__idf_perfmon: cmake_check_build_system
#  Phony target (prerequisite of .PHONY).
#  Implicit rule search has not been done.
#  File does not exist.
#  File has not been updated.
#  recipe to execute (from 'Makefile', line 1594):
	$(MAKE) -f CMakeFiles/Makefile2 __idf_perfmon

__idf_ulp: cmake_check_build_system
#  Phony target (prerequisite of .PHONY).
#  Implicit rule search has not been done.
#  File does not exist.
#  File has not been updated.
#  recipe to execute (from 'Makefile', line 1620):
	$(MAKE) -f CMakeFiles/Makefile2 __idf_ulp

partition_table/fast:
#  Phony target (prerequisite of .PHONY).
#  Implicit rule search has not been done.
#  File does not exist.
#  File has not been updated.
#  recipe to execute (from 'Makefile', line 754):
	$(MAKE) -f esp-idf/partition_table/CMakeFiles/partition_table.dir/build.make esp-idf/partition_table/CMakeFiles/partition_table.dir/build

__idf_freertos/fast:
#  Phony target (prerequisite of .PHONY).
#  Implicit rule search has not been done.
#  File does not exist.
#  File has not been updated.
#  recipe to execute (from 'Makefile', line 1144):
	$(MAKE) -f esp-idf/freertos/CMakeFiles/__idf_freertos.dir/build.make esp-idf/freertos/CMakeFiles/__idf_freertos.dir/build

__idf_mqtt: cmake_check_build_system
#  Phony target (prerequisite of .PHONY).
#  Implicit rule search has not been done.
#  File does not exist.
#  File has not been updated.
#  recipe to execute (from 'Makefile', line 1568):
	$(MAKE) -f CMakeFiles/Makefile2 __idf_mqtt
 

__idf_lwip/fast:
#  Phony target (prerequisite of .PHONY).
#  Implicit rule search has not been done.
#  File does not exist.
#  File has not been updated.
#  recipe to execute (from 'Makefile', line 1040):
	$(MAKE) -f esp-idf/lwip/CMakeFiles/__idf_lwip.dir/build.make esp-idf/lwip/CMakeFiles/__idf_lwip.dir/build

__idf_esp_wifi: cmake_check_build_system
#  Phony target (prerequisite of .PHONY).
#  Implicit rule search has not been done.
#  File does not exist.
#  File has not been updated.
#  recipe to execute (from 'Makefile', line 1009):
	$(MAKE) -f CMakeFiles/Makefile2 __idf_esp_wifi

project_elf_src_esp32.s: project_elf_src_esp32.c.s
#  Phony target (prerequisite of .PHONY).
#  Implicit rule search has not been done.
#  File does not exist.
#  File has not been updated.

__idf_esp_http_server/fast:
#  Phony target (prerequisite of .PHONY).
#  Implicit rule search has not been done.
#  File does not exist.
#  File has not been updated.
#  recipe to execute (from 'Makefile', line 1352):
	$(MAKE) -f esp-idf/esp_http_server/CMakeFiles/__idf_esp_http_server.dir/build.make esp-idf/esp_http_server/CMakeFiles/__idf_esp_http_server.dir/build

__idf_vfs/fast:
#  Phony target (prerequisite of .PHONY).
#  Implicit rule search has not been done.
#  File does not exist.
#  File has not been updated.
#  recipe to execute (from 'Makefile', line 936):
	$(MAKE) -f esp-idf/vfs/CMakeFiles/__idf_vfs.dir/build.make esp-idf/vfs/CMakeFiles/__idf_vfs.dir/build

__idf_perfmon/fast:
#  Phony target (prerequisite of .PHONY).
#  Implicit rule search has not been done.
#  File does not exist.
#  File has not been updated.
#  recipe to execute (from 'Makefile', line 1599):
	$(MAKE) -f esp-idf/perfmon/CMakeFiles/__idf_perfmon.dir/build.make esp-idf/perfmon/CMakeFiles/__idf_perfmon.dir/build

app: cmake_check_build_system
#  Phony target (prerequisite of .PHONY).
#  Implicit rule search has not been done.
#  File does not exist.
#  File has not been updated.
#  recipe to execute (from 'Makefile', line 255):
	$(MAKE) -f CMakeFiles/Makefile2 app

bootloader-flash/fast:
#  Phony target (prerequisite of .PHONY).
#  Implicit rule search has not been done.
#  File does not exist.
#  File has not been updated.
#  recipe to execute (from 'Makefile', line 637):
	$(MAKE) -f esp-idf/bootloader/CMakeFiles/bootloader-flash.dir/build.make esp-idf/bootloader/CMakeFiles/bootloader-flash.dir/build

__idf_jsmn: cmake_check_build_system
#  Phony target (prerequisite of .PHONY).
#  Implicit rule search has not been done.
#  File does not exist.
#  File has not been updated.
#  recipe to execute (from 'Makefile', line 1529):
	$(MAKE) -f CMakeFiles/Makefile2 __idf_jsmn

__idf_bootloader_support/fast:
#  Phony target (prerequisite of .PHONY).
#  Implicit rule search has not been done.
#  File does not exist.
#  File has not been updated.
#  recipe to execute (from 'Makefile', line 780):
	$(MAKE) -f esp-idf/bootloader_support/CMakeFiles/__idf_bootloader_support.dir/build.make esp-idf/bootloader_support/CMakeFiles/__idf_bootloader_support.dir/build

memory_ld/fast:
#  Phony target (prerequisite of .PHONY).
#  Implicit rule search has not been done.
#  File does not exist.
#  File has not been updated.
#  recipe to execute (from 'Makefile', line 871):
	$(MAKE) -f esp-idf/esp_system/CMakeFiles/memory_ld.dir/build.make esp-idf/esp_system/CMakeFiles/memory_ld.dir/build

.NOTPARALLEL:
#  Implicit rule search has not been done.
#  Modification time never checked.
#  File has not been updated.

__idf_tcp_transport: cmake_check_build_system
#  Phony target (prerequisite of .PHONY).
#  Implicit rule search has not been done.
#  File does not exist.
#  File has not been updated.
#  recipe to execute (from 'Makefile', line 1321):
	$(MAKE) -f CMakeFiles/Makefile2 __idf_tcp_transport

efuse_common_table: cmake_check_build_system
#  Phony target (prerequisite of .PHONY).
#  Implicit rule search has not been done.
#  File does not exist.
#  File has not been updated.
#  recipe to execute (from 'Makefile', line 411):
	$(MAKE) -f CMakeFiles/Makefile2 efuse_common_table

__idf_esp_timer/fast:
#  Phony target (prerequisite of .PHONY).
#  Implicit rule search has not been done.
#  File does not exist.
#  File has not been updated.
#  recipe to execute (from 'Makefile', line 1131):
	$(MAKE) -f esp-idf/esp_timer/CMakeFiles/__idf_esp_timer.dir/build.make esp-idf/esp_timer/CMakeFiles/__idf_esp_timer.dir/build

__idf_freemodbus/fast:
#  Phony target (prerequisite of .PHONY).
#  Implicit rule search has not been done.
#  File does not exist.
#  File has not been updated.
#  recipe to execute (from 'Makefile', line 1521):
	$(MAKE) -f esp-idf/freemodbus/CMakeFiles/__idf_freemodbus.dir/build.make esp-idf/freemodbus/CMakeFiles/__idf_freemodbus.dir/build

__idf_wpa_supplicant/fast:
#  Phony target (prerequisite of .PHONY).
#  Implicit rule search has not been done.
#  File does not exist.
#  File has not been updated.
#  recipe to execute (from 'Makefile', line 1001):
	$(MAKE) -f esp-idf/wpa_supplicant/CMakeFiles/__idf_wpa_supplicant.dir/build.make esp-idf/wpa_supplicant/CMakeFiles/__idf_wpa_supplicant.dir/build

__idf_log: cmake_check_build_system
#  Phony target (prerequisite of .PHONY).
#  Implicit rule search has not been done.
#  File does not exist.
#  File has not been updated.
#  recipe to execute (from 'Makefile', line 1048):
	$(MAKE) -f CMakeFiles/Makefile2 __idf_log

project_elf_src_esp32.obj: project_elf_src_esp32.c.obj
#  Phony target (prerequisite of .PHONY).
#  Implicit rule search has not been done.
#  File does not exist.
#  File has not been updated.

__idf_esp_wifi/fast:
#  Phony target (prerequisite of .PHONY).
#  Implicit rule search has not been done.
#  File does not exist.
#  File has not been updated.
#  recipe to execute (from 'Makefile', line 1014):
	$(MAKE) -f esp-idf/esp_wifi/CMakeFiles/__idf_esp_wifi.dir/build.make esp-idf/esp_wifi/CMakeFiles/__idf_esp_wifi.dir/build

clean/fast: clean
#  Phony target (prerequisite of .PHONY).
#  Implicit rule search has not been done.
#  File does not exist.
#  File has not been updated.

__idf_esp_lcd: cmake_check_build_system
#  Phony target (prerequisite of .PHONY).
#  Implicit rule search has not been done.
#  File does not exist.
#  File has not been updated.
#  recipe to execute (from 'Makefile', line 1373):
	$(MAKE) -f CMakeFiles/Makefile2 __idf_esp_lcd

__idf_libsodium/fast:
#  Phony target (prerequisite of .PHONY).
#  Implicit rule search has not been done.
#  File does not exist.
#  File has not been updated.
#  recipe to execute (from 'Makefile', line 1560):
	$(MAKE) -f esp-idf/libsodium/CMakeFiles/__idf_libsodium.dir/build.make esp-idf/libsodium/CMakeFiles/__idf_libsodium.dir/build

encrypted-partition-table-flash/fast:
#  Phony target (prerequisite of .PHONY).
#  Implicit rule search has not been done.
#  File does not exist.
#  File has not been updated.
#  recipe to execute (from 'Makefile', line 702):
	$(MAKE) -f esp-idf/partition_table/CMakeFiles/encrypted-partition-table-flash.dir/build.make esp-idf/partition_table/CMakeFiles/encrypted-partition-table-flash.dir/build

size-files: cmake_check_build_system
#  Phony target (prerequisite of .PHONY).
#  Implicit rule search has not been done.
#  File does not exist.
#  File has not been updated.
#  recipe to execute (from 'Makefile', line 346):
	$(MAKE) -f CMakeFiles/Makefile2 size-files

__idf_bt: cmake_check_build_system
#  Phony target (prerequisite of .PHONY).
#  Implicit rule search has not been done.
#  File does not exist.
#  File has not been updated.
#  recipe to execute (from 'Makefile', line 1204):
	$(MAKE) -f CMakeFiles/Makefile2 __idf_bt

install/strip/fast: preinstall/fast
#  Phony target (prerequisite of .PHONY).
#  Implicit rule search has not been done.
#  File does not exist.
#  File has not been updated.
#  recipe to execute (from 'Makefile', line 123):
	@$(CMAKE_COMMAND) -E cmake_echo_color --switch=$(COLOR) --cyan "Installing the project stripped..."
	/usr/bin/cmake -DCMAKE_INSTALL_DO_STRIP=1 -P cmake_install.cmake

__idf_freemodbus: cmake_check_build_system
#  Phony target (prerequisite of .PHONY).
#  Implicit rule search has not been done.
#  File does not exist.
#  File has not been updated.
#  recipe to execute (from 'Makefile', line 1516):
	$(MAKE) -f CMakeFiles/Makefile2 __idf_freemodbus

size: cmake_check_build_system
#  Phony target (prerequisite of .PHONY).
#  Implicit rule search has not been done.
#  File does not exist.
#  File has not been updated.
#  recipe to execute (from 'Makefile', line 359):
	$(MAKE) -f CMakeFiles/Makefile2 size

__idf_esp_http_client: cmake_check_build_system
#  Phony target (prerequisite of .PHONY).
#  Implicit rule search has not been done.
#  File does not exist.
#  File has not been updated.
#  recipe to execute (from 'Makefile', line 1334):
	$(MAKE) -f CMakeFiles/Makefile2 __idf_esp_http_client
 

__idf_mdns/fast:
#  Phony target (prerequisite of .PHONY).
#  Implicit rule search has not been done.
#  File does not exist.
#  File has not been updated.
#  recipe to execute (from 'Makefile', line 1417):
	$(MAKE) -f esp-idf/mdns/CMakeFiles/__idf_mdns.dir/build.make esp-idf/mdns/CMakeFiles/__idf_mdns.dir/build

cmake_check_build_system:
#  Phony target (prerequisite of .PHONY).
#  Implicit rule search has not been done.
#  Implicit/static pattern stem: ''
#  File does not exist.
#  File has been updated.
#  Needs to be updated (-q is set).
# automatic
# @ := cmake_check_build_system
# automatic
# % := 
# automatic
# * := 
# automatic
# + := 
# automatic
# | := 
# automatic
# < := 
# automatic
# ^ := 
# automatic
# ? := 
# variable set hash-table stats:
# Load=8/32=25%, Rehash=0, Collisions=3/14=21%
#  recipe to execute (from 'Makefile', line 1822):
	$(CMAKE_COMMAND) -S$(CMAKE_SOURCE_DIR) -B$(CMAKE_BINARY_DIR) --check-build-system CMakeFiles/Makefile.cmake 0

erase_flash/fast:
#  Phony target (prerequisite of .PHONY).
#  Implicit rule search has not been done.
#  File does not exist.
#  File has not been updated.
#  recipe to execute (from 'Makefile', line 286):
	$(MAKE) -f CMakeFiles/erase_flash.dir/build.make CMakeFiles/erase_flash.dir/build

custom_bundle: cmake_check_build_system
#  Phony target (prerequisite of .PHONY).
#  Implicit rule search has not been done.
#  File does not exist.
#  File has not been updated.
#  recipe to execute (from 'Makefile', line 528):
	$(MAKE) -f CMakeFiles/Makefile2 custom_bundle

__idf_esp_rom/fast:
#  Phony target (prerequisite of .PHONY).
#  Implicit rule search has not been done.
#  File does not exist.
#  File has not been updated.
#  recipe to execute (from 'Makefile', line 910):
	$(MAKE) -f esp-idf/esp_rom/CMakeFiles/__idf_esp_rom.dir/build.make esp-idf/esp_rom/CMakeFiles/__idf_esp_rom.dir/build

__idf_hal: cmake_check_build_system
#  Phony target (prerequisite of .PHONY).
#  Implicit rule search has not been done.
#  File does not exist.
#  File has not been updated.
#  recipe to execute (from 'Makefile', line 918):
	$(MAKE) -f CMakeFiles/Makefile2 __idf_hal

__idf_esp_hid/fast:
#  Phony target (prerequisite of .PHONY).
#  Implicit rule search has not been done.
#  File does not exist.
#  File has not been updated.
#  recipe to execute (from 'Makefile', line 1313):
	$(MAKE) -f esp-idf/esp_hid/CMakeFiles/__idf_esp_hid.dir/build.make esp-idf/esp_hid/CMakeFiles/__idf_esp_hid.dir/build

project_elf_src_esp32.c.i:
#  Phony target (prerequisite of .PHONY).
#  Implicit rule search has not been done.
#  File does not exist.
#  File has not been updated.
#  recipe to execute (from 'Makefile', line 1669):
	$(MAKE) -f CMakeFiles/EnergyConsumptionFramework.elf.dir/build.make CMakeFiles/EnergyConsumptionFramework.elf.dir/project_elf_src_esp32.c.i

__idf_esp_pm: cmake_check_build_system
#  Phony target (prerequisite of .PHONY).
#  Implicit rule search has not been done.
#  File does not exist.
#  File has not been updated.
#  recipe to execute (from 'Makefile', line 515):
	$(MAKE) -f CMakeFiles/Makefile2 __idf_esp_pm

__ldgen_output_sections.ld: cmake_check_build_system
#  Phony target (prerequisite of .PHONY).
#  Implicit rule search has not been done.
#  File does not exist.
#  File has not been updated.
#  recipe to execute (from 'Makefile', line 879):
	$(MAKE) -f CMakeFiles/Makefile2 __ldgen_output_sections.ld

help:
#  Phony target (prerequisite of .PHONY).
#  Implicit rule search has not been done.
#  File does not exist.
#  File has not been updated.
#  recipe to execute (from 'Makefile', line 1683):
	@echo "The following are some of the valid targets for this Makefile:"
	@echo "... all (the default if no target is provided)"
	@echo "... clean"
	@echo "... depend"
	@echo "... rebuild_cache"
	@echo "... edit_cache"
	@echo "... uf2"
	@echo "... install/local"
	@echo "... size-components"
	@echo "... menuconfig"
	@echo "... flash"
	@echo "... confserver"
	@echo "... install"
	@echo "... bootloader"
	@echo "... list_install_components"
	@echo "... gen_project_binary"
	@echo "... app"
	@echo "... uf2-app"
	@echo "... erase_flash"
	@echo "... monitor"
	@echo "... _project_elf_src"
	@echo "... install/strip"
	@echo "... EnergyConsumptionFramework.elf"
	@echo "... encrypted-flash"
	@echo "... size-files"
	@echo "... size"
	@echo "... __idf_esp_ringbuf"
	@echo "... __idf_efuse"
	@echo "... efuse-common-table"
	@echo "... efuse_common_table"
	@echo "... show-efuse-table"
	@echo "... efuse-custom-table"
	@echo "... efuse_custom_table"
	@echo "... show_efuse_table"
	@echo "... efuse_test_table"
	@echo "... __idf_esp_ipc"
	@echo "... __idf_driver"
	@echo "... __idf_esp_pm"
	@echo "... custom_bundle"
	@echo "... __idf_mbedtls"
	@echo "... apidoc"
	@echo "... lib"
	@echo "... mbedtls"
	@echo "... mbedx509"
	@echo "... mbedcrypto"
	@echo "... encrypted-bootloader-flash"
	@echo "... bootloader-flash"
	@echo "... app_check_size"
	@echo "... encrypted-app-flash"
	@echo "... app-flash"
	@echo "... partition_table-flash"
	@echo "... encrypted-partition-table-flash"
	@echo "... partition-table-flash"
	@echo "... partition-table"
	@echo "... partition_table_bin"
	@echo "... partition_table"
	@echo "... __idf_app_update"
	@echo "... __idf_bootloader_support"
	@echo "... __idf_spi_flash"
	@echo "... __idf_nvs_flash"
	@echo "... __idf_pthread"
	@echo "... __idf_esp_gdbstub"
	@echo "... __idf_espcoredump"
	@echo "... __idf_esp_phy"
	@echo "... memory_ld"
	@echo "... __ldgen_output_sections.ld"
	@echo "... __idf_esp_system"
	@echo "... __idf_esp_rom"
	@echo "... __idf_hal"
	@echo "... __idf_vfs"
	@echo "... __idf_esp_eth"
	@echo "... __idf_tcpip_adapter"
	@echo "... __idf_esp_netif"
	@echo "... __idf_esp_event"
	@echo "... __idf_wpa_supplicant"
	@echo "... __idf_esp_wifi"
	@echo "... __idf_console"
	@echo "... __idf_lwip"
	@echo "... __idf_log"
	@echo "... __idf_heap"
	@echo "... __idf_soc"
	@echo "... __idf_esp_hw_support"
	@echo "... __idf_xtensa"
	@echo "... __idf_esp_common"
	@echo "... __idf_esp_timer"
	@echo "... __idf_freertos"
	@echo "... __idf_newlib"
	@echo "... __idf_cxx"
	@echo "... __idf_app_trace"
	@echo "... __idf_asio"
	@echo "... __idf_bt"
	@echo "... __idf_cbor"
	@echo "... __idf_unity"
	@echo "... __idf_cmock"
	@echo "... __idf_coap"
	@echo "... __idf_nghttp"
	@echo "... __idf_esp-tls"
	@echo "... __idf_esp_adc_cal"
	@echo "... __idf_esp_hid"
	@echo "... __idf_tcp_transport"
	@echo "... __idf_esp_http_client"
	@echo "... __idf_esp_http_server"
	@echo "... __idf_esp_https_ota"
	@echo "... __idf_esp_lcd"
	@echo "... __idf_protobuf-c"
	@echo "... __idf_protocomm"
	@echo "... __idf_mdns"
	@echo "... __idf_esp_local_ctrl"
	@echo "... __idf_sdmmc"
	@echo "... __idf_esp_serial_slave_link"
	@echo "... __idf_esp_websocket_client"
	@echo "... __idf_expat"
	@echo "... __idf_wear_levelling"
	@echo "... __idf_fatfs"
	@echo "... __idf_freemodbus"
	@echo "... __idf_jsmn"
	@echo "... __idf_json"
	@echo "... __idf_libsodium"
	@echo "... __idf_mqtt"
	@echo "... __idf_openssl"
	@echo "... __idf_perfmon"
	@echo "... __idf_spiffs"
	@echo "... __idf_ulp"
	@echo "... __idf_wifi_provisioning"
	@echo "... __idf_src"
	@echo "... project_elf_src_esp32.obj"
	@echo "... project_elf_src_esp32.i"
	@echo "... project_elf_src_esp32.s"

__idf_efuse: cmake_check_build_system
#  Phony target (prerequisite of .PHONY).
#  Implicit rule search has not been done.
#  File does not exist.
#  File has not been updated.
#  recipe to execute (from 'Makefile', line 385):
	$(MAKE) -f CMakeFiles/Makefile2 __idf_efuse

__idf_nvs_flash: cmake_check_build_system
#  Phony target (prerequisite of .PHONY).
#  Implicit rule search has not been done.
#  File does not exist.
#  File has not been updated.
#  recipe to execute (from 'Makefile', line 801):
	$(MAKE) -f CMakeFiles/Makefile2 __idf_nvs_flash

__idf_esp_phy: cmake_check_build_system
#  Phony target (prerequisite of .PHONY).
#  Implicit rule search has not been done.
#  File does not exist.
#  File has not been updated.
#  recipe to execute (from 'Makefile', line 853):
	$(MAKE) -f CMakeFiles/Makefile2 __idf_esp_phy

__idf_spiffs/fast:
#  Phony target (prerequisite of .PHONY).
#  Implicit rule search has not been done.
#  File does not exist.
#  File has not been updated.
#  recipe to execute (from 'Makefile', line 1612):
	$(MAKE) -f esp-idf/spiffs/CMakeFiles/__idf_spiffs.dir/build.make esp-idf/spiffs/CMakeFiles/__idf_spiffs.dir/build

gen_project_binary: cmake_check_build_system
#  Phony target (prerequisite of .PHONY).
#  Implicit rule search has not been done.
#  File does not exist.
#  File has not been updated.
#  recipe to execute (from 'Makefile', line 242):
	$(MAKE) -f CMakeFiles/Makefile2 gen_project_binary

__idf_unity: cmake_check_build_system
#  Phony target (prerequisite of .PHONY).
#  Implicit rule search has not been done.
#  File does not exist.
#  File has not been updated.
#  recipe to execute (from 'Makefile', line 1230):
	$(MAKE) -f CMakeFiles/Makefile2 __idf_unity

__idf_heap/fast:
#  Phony target (prerequisite of .PHONY).
#  Implicit rule search has not been done.
#  File does not exist.
#  File has not been updated.
#  recipe to execute (from 'Makefile', line 1066):
	$(MAKE) -f esp-idf/heap/CMakeFiles/__idf_heap.dir/build.make esp-idf/heap/CMakeFiles/__idf_heap.dir/build

preinstall: all
#  Phony target (prerequisite of .PHONY).
#  Implicit rule search has not been done.
#  File does not exist.
#  File has not been updated.
#  recipe to execute (from 'Makefile', line 146):
	$(MAKE) -f CMakeFiles/Makefile2 preinstall

__idf_wear_levelling/fast:
#  Phony target (prerequisite of .PHONY).
#  Implicit rule search has not been done.
#  File does not exist.
#  File has not been updated.
#  recipe to execute (from 'Makefile', line 1495):
	$(MAKE) -f esp-idf/wear_levelling/CMakeFiles/__idf_wear_levelling.dir/build.make esp-idf/wear_levelling/CMakeFiles/__idf_wear_levelling.dir/build

__idf_esp_https_ota: cmake_check_build_system
#  Phony target (prerequisite of .PHONY).
#  Implicit rule search has not been done.
#  File does not exist.
#  File has not been updated.
#  recipe to execute (from 'Makefile', line 1360):
	$(MAKE) -f CMakeFiles/Makefile2 __idf_esp_https_ota

lib: cmake_check_build_system
#  Phony target (prerequisite of .PHONY).
#  Implicit rule search has not been done.
#  File does not exist.
#  File has not been updated.
#  recipe to execute (from 'Makefile', line 567):
	$(MAKE) -f CMakeFiles/Makefile2 lib
 

partition-table/fast:
#  Phony target (prerequisite of .PHONY).
#  Implicit rule search has not been done.
#  File does not exist.
#  File has not been updated.
#  recipe to execute (from 'Makefile', line 728):
	$(MAKE) -f esp-idf/partition_table/CMakeFiles/partition-table.dir/build.make esp-idf/partition_table/CMakeFiles/partition-table.dir/build

uf2/fast:
#  Phony target (prerequisite of .PHONY).
#  Implicit rule search has not been done.
#  File does not exist.
#  File has not been updated.
#  recipe to execute (from 'Makefile', line 169):
	$(MAKE) -f CMakeFiles/uf2.dir/build.make CMakeFiles/uf2.dir/build

flash/fast:
#  Phony target (prerequisite of .PHONY).
#  Implicit rule search has not been done.
#  File does not exist.
#  File has not been updated.
#  recipe to execute (from 'Makefile', line 208):
	$(MAKE) -f CMakeFiles/flash.dir/build.make CMakeFiles/flash.dir/build

show-efuse-table/fast:
#  Phony target (prerequisite of .PHONY).
#  Implicit rule search has not been done.
#  File does not exist.
#  File has not been updated.
#  recipe to execute (from 'Makefile', line 429):
	$(MAKE) -f esp-idf/efuse/CMakeFiles/show-efuse-table.dir/build.make esp-idf/efuse/CMakeFiles/show-efuse-table.dir/build

__idf_xtensa/fast:
#  Phony target (prerequisite of .PHONY).
#  Implicit rule search has not been done.
#  File does not exist.
#  File has not been updated.
#  recipe to execute (from 'Makefile', line 1105):
	$(MAKE) -f esp-idf/xtensa/CMakeFiles/__idf_xtensa.dir/build.make esp-idf/xtensa/CMakeFiles/__idf_xtensa.dir/build

.SILENT:
#  Implicit rule search has not been done.
#  Modification time never checked.
#  File has not been updated.

app-flash/fast:
#  Phony target (prerequisite of .PHONY).
#  Implicit rule search has not been done.
#  File does not exist.
#  File has not been updated.
#  recipe to execute (from 'Makefile', line 676):
	$(MAKE) -f esp-idf/esptool_py/CMakeFiles/app-flash.dir/build.make esp-idf/esptool_py/CMakeFiles/app-flash.dir/build

depend:
#  Phony target (prerequisite of .PHONY).
#  Implicit rule search has not been done.
#  File does not exist.
#  File has not been updated.
#  recipe to execute (from 'Makefile', line 156):
	$(CMAKE_COMMAND) -S$(CMAKE_SOURCE_DIR) -B$(CMAKE_BINARY_DIR) --check-build-system CMakeFiles/Makefile.cmake 1

__idf_esp_ipc/fast:
#  Phony target (prerequisite of .PHONY).
#  Implicit rule search has not been done.
#  File does not exist.
#  File has not been updated.
#  recipe to execute (from 'Makefile', line 494):
	$(MAKE) -f esp-idf/esp_ipc/CMakeFiles/__idf_esp_ipc.dir/build.make esp-idf/esp_ipc/CMakeFiles/__idf_esp_ipc.dir/build

__idf_tcpip_adapter/fast:
#  Phony target (prerequisite of .PHONY).
#  Implicit rule search has not been done.
#  File does not exist.
#  File has not been updated.
#  recipe to execute (from 'Makefile', line 962):
	$(MAKE) -f esp-idf/tcpip_adapter/CMakeFiles/__idf_tcpip_adapter.dir/build.make esp-idf/tcpip_adapter/CMakeFiles/__idf_tcpip_adapter.dir/build

partition_table-flash/fast:
#  Phony target (prerequisite of .PHONY).
#  Implicit rule search has not been done.
#  File does not exist.
#  File has not been updated.
#  recipe to execute (from 'Makefile', line 689):
	$(MAKE) -f esp-idf/partition_table/CMakeFiles/partition_table-flash.dir/build.make esp-idf/partition_table/CMakeFiles/partition_table-flash.dir/build

__idf_nghttp: cmake_check_build_system
#  Phony target (prerequisite of .PHONY).
#  Implicit rule search has not been done.
#  File does not exist.
#  File has not been updated.
#  recipe to execute (from 'Makefile', line 1269):
	$(MAKE) -f CMakeFiles/Makefile2 __idf_nghttp

__idf_coap: cmake_check_build_system
#  Phony target (prerequisite of .PHONY).
#  Implicit rule search has not been done.
#  File does not exist.
#  File has not been updated.
#  recipe to execute (from 'Makefile', line 1256):
	$(MAKE) -f CMakeFiles/Makefile2 __idf_coap

__idf_json/fast:
#  Phony target (prerequisite of .PHONY).
#  Implicit rule search has not been done.
#  File does not exist.
#  File has not been updated.
#  recipe to execute (from 'Makefile', line 1547):
	$(MAKE) -f esp-idf/json/CMakeFiles/__idf_json.dir/build.make esp-idf/json/CMakeFiles/__idf_json.dir/build

__idf_openssl/fast:
#  Phony target (prerequisite of .PHONY).
#  Implicit rule search has not been done.
#  File does not exist.
#  File has not been updated.
#  recipe to execute (from 'Makefile', line 1586):
	$(MAKE) -f esp-idf/openssl/CMakeFiles/__idf_openssl.dir/build.make esp-idf/openssl/CMakeFiles/__idf_openssl.dir/build

menuconfig/fast:
#  Phony target (prerequisite of .PHONY).
#  Implicit rule search has not been done.
#  File does not exist.
#  File has not been updated.
#  recipe to execute (from 'Makefile', line 195):
	$(MAKE) -f CMakeFiles/menuconfig.dir/build.make CMakeFiles/menuconfig.dir/build

__idf_src: cmake_check_build_system
#  Phony target (prerequisite of .PHONY).
#  Implicit rule search has not been done.
#  File does not exist.
#  File has not been updated.
#  recipe to execute (from 'Makefile', line 1646):
	$(MAKE) -f CMakeFiles/Makefile2 __idf_src

__idf_expat: cmake_check_build_system
#  Phony target (prerequisite of .PHONY).
#  Implicit rule search has not been done.
#  File does not exist.
#  File has not been updated.
#  recipe to execute (from 'Makefile', line 1477):
	$(MAKE) -f CMakeFiles/Makefile2 __idf_expat

partition_table: cmake_check_build_system
#  Phony target (prerequisite of .PHONY).
#  Implicit rule search has not been done.
#  File does not exist.
#  File has not been updated.
#  recipe to execute (from 'Makefile', line 749):
	$(MAKE) -f CMakeFiles/Makefile2 partition_table

mbedtls: cmake_check_build_system
#  Phony target (prerequisite of .PHONY).
#  Implicit rule search has not been done.
#  File does not exist.
#  File has not been updated.
#  recipe to execute (from 'Makefile', line 580):
	$(MAKE) -f CMakeFiles/Makefile2 mbedtls

__idf_sdmmc/fast:
#  Phony target (prerequisite of .PHONY).
#  Implicit rule search has not been done.
#  File does not exist.
#  File has not been updated.
#  recipe to execute (from 'Makefile', line 1443):
	$(MAKE) -f esp-idf/sdmmc/CMakeFiles/__idf_sdmmc.dir/build.make esp-idf/sdmmc/CMakeFiles/__idf_sdmmc.dir/build

__idf_esp_hw_support/fast:
#  Phony target (prerequisite of .PHONY).
#  Implicit rule search has not been done.
#  File does not exist.
#  File has not been updated.
#  recipe to execute (from 'Makefile', line 1092):
	$(MAKE) -f esp-idf/esp_hw_support/CMakeFiles/__idf_esp_hw_support.dir/build.make esp-idf/esp_hw_support/CMakeFiles/__idf_esp_hw_support.dir/build

# Not a target:
.DEFAULT:
#  Implicit rule search has not been done.
#  Modification time never checked.
#  File has not been updated.

app_check_size/fast:
#  Phony target (prerequisite of .PHONY).
#  Implicit rule search has not been done.
#  File does not exist.
#  File has not been updated.
#  recipe to execute (from 'Makefile', line 650):
	$(MAKE) -f esp-idf/esptool_py/CMakeFiles/app_check_size.dir/build.make esp-idf/esptool_py/CMakeFiles/app_check_size.dir/build

__idf_app_trace/fast:
#  Phony target (prerequisite of .PHONY).
#  Implicit rule search has not been done.
#  File does not exist.
#  File has not been updated.
#  recipe to execute (from 'Makefile', line 1183):
	$(MAKE) -f esp-idf/app_trace/CMakeFiles/__idf_app_trace.dir/build.make esp-idf/app_trace/CMakeFiles/__idf_app_trace.dir/build

__idf_freertos: cmake_check_build_system
#  Phony target (prerequisite of .PHONY).
#  Implicit rule search has not been done.
#  File does not exist.
#  File has not been updated.
#  recipe to execute (from 'Makefile', line 1139):
	$(MAKE) -f CMakeFiles/Makefile2 __idf_freertos

__idf_lwip: cmake_check_build_system
#  Phony target (prerequisite of .PHONY).
 
#  Implicit rule search has not been done.
#  File does not exist.
#  File has not been updated.
#  recipe to execute (from 'Makefile', line 1035):
	$(MAKE) -f CMakeFiles/Makefile2 __idf_lwip

default_target: all
#  Phony target (prerequisite of .PHONY).
#  Implicit rule search has not been done.
#  File does not exist.
#  File has not been updated.

__idf_esp_http_server: cmake_check_build_system
#  Phony target (prerequisite of .PHONY).
#  Implicit rule search has not been done.
#  File does not exist.
#  File has not been updated.
#  recipe to execute (from 'Makefile', line 1347):
	$(MAKE) -f CMakeFiles/Makefile2 __idf_esp_http_server

__idf_vfs: cmake_check_build_system
#  Phony target (prerequisite of .PHONY).
#  Implicit rule search has not been done.
#  File does not exist.
#  File has not been updated.
#  recipe to execute (from 'Makefile', line 931):
	$(MAKE) -f CMakeFiles/Makefile2 __idf_vfs

bootloader-flash: cmake_check_build_system
#  Phony target (prerequisite of .PHONY).
#  Implicit rule search has not been done.
#  File does not exist.
#  File has not been updated.
#  recipe to execute (from 'Makefile', line 632):
	$(MAKE) -f CMakeFiles/Makefile2 bootloader-flash

__idf_protobuf-c/fast:
#  Phony target (prerequisite of .PHONY).
#  Implicit rule search has not been done.
#  File does not exist.
#  File has not been updated.
#  recipe to execute (from 'Makefile', line 1391):
	$(MAKE) -f esp-idf/protobuf-c/CMakeFiles/__idf_protobuf-c.dir/build.make esp-idf/protobuf-c/CMakeFiles/__idf_protobuf-c.dir/build

memory_ld: cmake_check_build_system
#  Phony target (prerequisite of .PHONY).
#  Implicit rule search has not been done.
#  File does not exist.
#  File has not been updated.
#  recipe to execute (from 'Makefile', line 866):
	$(MAKE) -f CMakeFiles/Makefile2 memory_ld

__idf_protocomm: cmake_check_build_system
#  Phony target (prerequisite of .PHONY).
#  Implicit rule search has not been done.
#  File does not exist.
#  File has not been updated.
#  recipe to execute (from 'Makefile', line 1399):
	$(MAKE) -f CMakeFiles/Makefile2 __idf_protocomm

__idf_bootloader_support: cmake_check_build_system
#  Phony target (prerequisite of .PHONY).
#  Implicit rule search has not been done.
#  File does not exist.
#  File has not been updated.
#  recipe to execute (from 'Makefile', line 775):
	$(MAKE) -f CMakeFiles/Makefile2 __idf_bootloader_support

size-components/fast:
#  Phony target (prerequisite of .PHONY).
#  Implicit rule search has not been done.
#  File does not exist.
#  File has not been updated.
#  recipe to execute (from 'Makefile', line 182):
	$(MAKE) -f CMakeFiles/size-components.dir/build.make CMakeFiles/size-components.dir/build

__idf_asio/fast:
#  Phony target (prerequisite of .PHONY).
#  Implicit rule search has not been done.
#  File does not exist.
#  File has not been updated.
#  recipe to execute (from 'Makefile', line 1196):
	$(MAKE) -f esp-idf/asio/CMakeFiles/__idf_asio.dir/build.make esp-idf/asio/CMakeFiles/__idf_asio.dir/build

__idf_esp_netif/fast:
#  Phony target (prerequisite of .PHONY).
#  Implicit rule search has not been done.
#  File does not exist.
#  File has not been updated.
#  recipe to execute (from 'Makefile', line 975):
	$(MAKE) -f esp-idf/esp_netif/CMakeFiles/__idf_esp_netif.dir/build.make esp-idf/esp_netif/CMakeFiles/__idf_esp_netif.dir/build

__idf_json: cmake_check_build_system
#  Phony target (prerequisite of .PHONY).
#  Implicit rule search has not been done.
#  File does not exist.
#  File has not been updated.
#  recipe to execute (from 'Makefile', line 1542):
	$(MAKE) -f CMakeFiles/Makefile2 __idf_json

__idf_nvs_flash/fast:
#  Phony target (prerequisite of .PHONY).
#  Implicit rule search has not been done.
#  File does not exist.
#  File has not been updated.
#  recipe to execute (from 'Makefile', line 806):
	$(MAKE) -f esp-idf/nvs_flash/CMakeFiles/__idf_nvs_flash.dir/build.make esp-idf/nvs_flash/CMakeFiles/__idf_nvs_flash.dir/build

efuse-custom-table/fast:
#  Phony target (prerequisite of .PHONY).
#  Implicit rule search has not been done.
#  File does not exist.
#  File has not been updated.
#  recipe to execute (from 'Makefile', line 442):
	$(MAKE) -f esp-idf/efuse/CMakeFiles/efuse-custom-table.dir/build.make esp-idf/efuse/CMakeFiles/efuse-custom-table.dir/build

encrypted-flash/fast:
#  Phony target (prerequisite of .PHONY).
#  Implicit rule search has not been done.
#  File does not exist.
#  File has not been updated.
#  recipe to execute (from 'Makefile', line 338):
	$(MAKE) -f CMakeFiles/encrypted-flash.dir/build.make CMakeFiles/encrypted-flash.dir/build

__idf_esp_timer: cmake_check_build_system
#  Phony target (prerequisite of .PHONY).
#  Implicit rule search has not been done.
#  File does not exist.
#  File has not been updated.
#  recipe to execute (from 'Makefile', line 1126):
	$(MAKE) -f CMakeFiles/Makefile2 __idf_esp_timer

__idf_esp_websocket_client: cmake_check_build_system
#  Phony target (prerequisite of .PHONY).
#  Implicit rule search has not been done.
#  File does not exist.
#  File has not been updated.
#  recipe to execute (from 'Makefile', line 1464):
	$(MAKE) -f CMakeFiles/Makefile2 __idf_esp_websocket_client

partition_table_bin/fast:
#  Phony target (prerequisite of .PHONY).
#  Implicit rule search has not been done.
#  File does not exist.
#  File has not been updated.
#  recipe to execute (from 'Makefile', line 741):
	$(MAKE) -f esp-idf/partition_table/CMakeFiles/partition_table_bin.dir/build.make esp-idf/partition_table/CMakeFiles/partition_table_bin.dir/build

project_elf_src_esp32.c.s:
#  Phony target (prerequisite of .PHONY).
#  Implicit rule search has not been done.
#  File does not exist.
#  File has not been updated.
#  recipe to execute (from 'Makefile', line 1678):
	$(MAKE) -f CMakeFiles/EnergyConsumptionFramework.elf.dir/build.make CMakeFiles/EnergyConsumptionFramework.elf.dir/project_elf_src_esp32.c.s

__idf_console: cmake_check_build_system
#  Phony target (prerequisite of .PHONY).
#  Implicit rule search has not been done.
#  File does not exist.
#  File has not been updated.
#  recipe to execute (from 'Makefile', line 1022):
	$(MAKE) -f CMakeFiles/Makefile2 __idf_console

EnergyConsumptionFramework.elf/fast:
#  Phony target (prerequisite of .PHONY).
#  Implicit rule search has not been done.
#  File does not exist.
#  File has not been updated.
#  recipe to execute (from 'Makefile', line 325):
	$(MAKE) -f CMakeFiles/EnergyConsumptionFramework.elf.dir/build.make CMakeFiles/EnergyConsumptionFramework.elf.dir/build

__idf_mbedtls/fast:
#  Phony target (prerequisite of .PHONY).
#  Implicit rule search has not been done.
#  File does not exist.
#  File has not been updated.
#  recipe to execute (from 'Makefile', line 546):
	$(MAKE) -f esp-idf/mbedtls/CMakeFiles/__idf_mbedtls.dir/build.make esp-idf/mbedtls/CMakeFiles/__idf_mbedtls.dir/build

__idf_wifi_provisioning/fast:
#  Phony target (prerequisite of .PHONY).
#  Implicit rule search has not been done.
#  File does not exist.
#  File has not been updated.
#  recipe to execute (from 'Makefile', line 1638):
	$(MAKE) -f esp-idf/wifi_provisioning/CMakeFiles/__idf_wifi_provisioning.dir/build.make esp-idf/wifi_provisioning/CMakeFiles/__idf_wifi_provisioning.dir/build

confserver/fast:
#  Phony target (prerequisite of .PHONY).
#  Implicit rule search has not been done.
#  File does not exist.
#  File has not been updated.
#  recipe to execute (from 'Makefile', line 221):
	$(MAKE) -f CMakeFiles/confserver.dir/build.make CMakeFiles/confserver.dir/build

mbedx509/fast:
#  Phony target (prerequisite of .PHONY).
#  Implicit rule search has not been done.
#  File does not exist.
#  File has not been updated.
#  recipe to execute (from 'Makefile', line 598):
	$(MAKE) -f esp-idf/mbedtls/mbedtls/library/CMakeFiles/mbedx509.dir/build.make esp-idf/mbedtls/mbedtls/library/CMakeFiles/mbedx509.dir/build

__idf_esp_system/fast:
#  Phony target (prerequisite of .PHONY).
#  Implicit rule search has not been done.
#  File does not exist.
#  File has not been updated.
#  recipe to execute (from 'Makefile', line 897):
	$(MAKE) -f esp-idf/esp_system/CMakeFiles/__idf_esp_system.dir/build.make esp-idf/esp_system/CMakeFiles/__idf_esp_system.dir/build

clean:
#  Phony target (prerequisite of .PHONY).
#  Implicit rule search has not been done.
#  File does not exist.
#  File has not been updated.
#  recipe to execute (from 'Makefile', line 136):
	$(MAKE) -f CMakeFiles/Makefile2 clean

__idf_esp_eth/fast:
#  Phony target (prerequisite of .PHONY).
#  Implicit rule search has not been done.
#  File does not exist.
#  File has not been updated.
#  recipe to execute (from 'Makefile', line 949):
	$(MAKE) -f esp-idf/esp_eth/CMakeFiles/__idf_esp_eth.dir/build.make esp-idf/esp_eth/CMakeFiles/__idf_esp_eth.dir/build

install/fast: preinstall/fast
#  Phony target (prerequisite of .PHONY).
#  Implicit rule search has not been done.
#  File does not exist.
#  File has not been updated.
#  recipe to execute (from 'Makefile', line 101):
	@$(CMAKE_COMMAND) -E cmake_echo_color --switch=$(COLOR) --cyan "Install the project..."
	/usr/bin/cmake -P cmake_install.cmake

__idf_libsodium: cmake_check_build_system
#  Phony target (prerequisite of .PHONY).
#  Implicit rule search has not been done.
#  File does not exist.
#  File has not been updated.
#  recipe to execute (from 'Makefile', line 1555):
	$(MAKE) -f CMakeFiles/Makefile2 __idf_libsodium

__idf_cbor: cmake_check_build_system
#  Phony target (prerequisite of .PHONY).
#  Implicit rule search has not been done.
#  File does not exist.
#  File has not been updated.
#  recipe to execute (from 'Makefile', line 1217):
	$(MAKE) -f CMakeFiles/Makefile2 __idf_cbor

encrypted-partition-table-flash: cmake_check_build_system
#  Phony target (prerequisite of .PHONY).
#  Implicit rule search has not been done.
#  File does not exist.
#  File has not been updated.
#  recipe to execute (from 'Makefile', line 697):
	$(MAKE) -f CMakeFiles/Makefile2 encrypted-partition-table-flash

apidoc: cmake_check_build_system
#  Phony target (prerequisite of .PHONY).
#  Implicit rule search has not been done.
#  File does not exist.
#  File has not been updated.
#  recipe to execute (from 'Makefile', line 554):
	$(MAKE) -f CMakeFiles/Makefile2 apidoc

__idf_console/fast:
#  Phony target (prerequisite of .PHONY).
#  Implicit rule search has not been done.
#  File does not exist.
#  File has not been updated.
#  recipe to execute (from 'Makefile', line 1027):
	$(MAKE) -f esp-idf/console/CMakeFiles/__idf_console.dir/build.make esp-idf/console/CMakeFiles/__idf_console.dir/build

__idf_esp_serial_slave_link/fast:
#  Phony target (prerequisite of .PHONY).
#  Implicit rule search has not been done.
#  File does not exist.
#  File has not been updated.
#  recipe to execute (from 'Makefile', line 1456):
	$(MAKE) -f esp-idf/esp_serial_slave_link/CMakeFiles/__idf_esp_serial_slave_link.dir/build.make esp-idf/esp_serial_slave_link/CMakeFiles/__idf_esp_serial_slave_link.dir/build

rebuild_cache/fast: rebuild_cache
#  Phony target (prerequisite of .PHONY).
#  Implicit rule search has not been done.
#  File does not exist.
#  File has not been updated.

__idf_spi_flash/fast:
#  Phony target (prerequisite of .PHONY).
#  Implicit rule search has not been done.
#  File does not exist.
#  File has not been updated.
#  recipe to execute (from 'Makefile', line 793):
	$(MAKE) -f esp-idf/spi_flash/CMakeFiles/__idf_spi_flash.dir/build.make esp-idf/spi_flash/CMakeFiles/__idf_spi_flash.dir/build

install/strip: preinstall
#  Phony target (prerequisite of .PHONY).
#  Implicit rule search has not been done.
#  File does not exist.
#  File has not been updated.
#  recipe to execute (from 'Makefile', line 117):
	@$(CMAKE_COMMAND) -E cmake_echo_color --switch=$(COLOR) --cyan "Installing the project stripped..."
	/usr/bin/cmake -DCMAKE_INSTALL_DO_STRIP=1 -P cmake_install.cmake

__idf_driver/fast:
#  Phony target (prerequisite of .PHONY).
#  Implicit rule search has not been done.
#  File does not exist.
#  File has not been updated.
#  recipe to execute (from 'Makefile', line 507):
	$(MAKE) -f esp-idf/driver/CMakeFiles/__idf_driver.dir/build.make esp-idf/driver/CMakeFiles/__idf_driver.dir/build

list_install_components/fast: list_install_components
#  Phony target (prerequisite of .PHONY).
#  Implicit rule search has not been done.
#  File does not exist.
#  File has not been updated.

edit_cache/fast: edit_cache
#  Phony target (prerequisite of .PHONY).
#  Implicit rule search has not been done.
#  File does not exist.
#  File has not been updated.

__idf_pthread/fast:
#  Phony target (prerequisite of .PHONY).
#  Implicit rule search has not been done.
#  File does not exist.
#  File has not been updated.
#  recipe to execute (from 'Makefile', line 819):
 
	$(MAKE) -f esp-idf/pthread/CMakeFiles/__idf_pthread.dir/build.make esp-idf/pthread/CMakeFiles/__idf_pthread.dir/build

erase_flash: cmake_check_build_system
#  Phony target (prerequisite of .PHONY).
#  Implicit rule search has not been done.
#  File does not exist.
#  File has not been updated.
#  recipe to execute (from 'Makefile', line 281):
	$(MAKE) -f CMakeFiles/Makefile2 erase_flash

project_elf_src_esp32.c.obj:
#  Phony target (prerequisite of .PHONY).
#  Implicit rule search has not been done.
#  File does not exist.
#  File has not been updated.
#  recipe to execute (from 'Makefile', line 1660):
	$(MAKE) -f CMakeFiles/EnergyConsumptionFramework.elf.dir/build.make CMakeFiles/EnergyConsumptionFramework.elf.dir/project_elf_src_esp32.c.obj

__idf_esp_gdbstub/fast:
#  Phony target (prerequisite of .PHONY).
#  Implicit rule search has not been done.
#  File does not exist.
#  File has not been updated.
#  recipe to execute (from 'Makefile', line 832):
	$(MAKE) -f esp-idf/esp_gdbstub/CMakeFiles/__idf_esp_gdbstub.dir/build.make esp-idf/esp_gdbstub/CMakeFiles/__idf_esp_gdbstub.dir/build

__idf_esp_rom: cmake_check_build_system
#  Phony target (prerequisite of .PHONY).
#  Implicit rule search has not been done.
#  File does not exist.
#  File has not been updated.
#  recipe to execute (from 'Makefile', line 905):
	$(MAKE) -f CMakeFiles/Makefile2 __idf_esp_rom

__idf_espcoredump/fast:
#  Phony target (prerequisite of .PHONY).
#  Implicit rule search has not been done.
#  File does not exist.
#  File has not been updated.
#  recipe to execute (from 'Makefile', line 845):
	$(MAKE) -f esp-idf/espcoredump/CMakeFiles/__idf_espcoredump.dir/build.make esp-idf/espcoredump/CMakeFiles/__idf_espcoredump.dir/build

install/local/fast: preinstall/fast
#  Phony target (prerequisite of .PHONY).
#  Implicit rule search has not been done.
#  File does not exist.
#  File has not been updated.
#  recipe to execute (from 'Makefile', line 89):
	@$(CMAKE_COMMAND) -E cmake_echo_color --switch=$(COLOR) --cyan "Installing only the local directory..."
	/usr/bin/cmake -DCMAKE_INSTALL_LOCAL_ONLY=1 -P cmake_install.cmake

__idf_esp_hid: cmake_check_build_system
#  Phony target (prerequisite of .PHONY).
#  Implicit rule search has not been done.
#  File does not exist.
#  File has not been updated.
#  recipe to execute (from 'Makefile', line 1308):
	$(MAKE) -f CMakeFiles/Makefile2 __idf_esp_hid

__idf_esp_event/fast:
#  Phony target (prerequisite of .PHONY).
#  Implicit rule search has not been done.
#  File does not exist.
#  File has not been updated.
#  recipe to execute (from 'Makefile', line 988):
	$(MAKE) -f esp-idf/esp_event/CMakeFiles/__idf_esp_event.dir/build.make esp-idf/esp_event/CMakeFiles/__idf_esp_event.dir/build

__idf_app_update/fast:
#  Phony target (prerequisite of .PHONY).
#  Implicit rule search has not been done.
#  File does not exist.
#  File has not been updated.
#  recipe to execute (from 'Makefile', line 767):
	$(MAKE) -f esp-idf/app_update/CMakeFiles/__idf_app_update.dir/build.make esp-idf/app_update/CMakeFiles/__idf_app_update.dir/build

__idf_cbor/fast:
#  Phony target (prerequisite of .PHONY).
#  Implicit rule search has not been done.
#  File does not exist.
#  File has not been updated.
#  recipe to execute (from 'Makefile', line 1222):
	$(MAKE) -f esp-idf/cbor/CMakeFiles/__idf_cbor.dir/build.make esp-idf/cbor/CMakeFiles/__idf_cbor.dir/build

uf2: cmake_check_build_system
#  Phony target (prerequisite of .PHONY).
#  Implicit rule search has not been done.
#  File does not exist.
#  File has not been updated.
#  recipe to execute (from 'Makefile', line 164):
	$(MAKE) -f CMakeFiles/Makefile2 uf2

__idf_esp_adc_cal: cmake_check_build_system
#  Phony target (prerequisite of .PHONY).
#  Implicit rule search has not been done.
#  File does not exist.
#  File has not been updated.
#  recipe to execute (from 'Makefile', line 1295):
	$(MAKE) -f CMakeFiles/Makefile2 __idf_esp_adc_cal

_project_elf_src/fast:
#  Phony target (prerequisite of .PHONY).
#  Implicit rule search has not been done.
#  File does not exist.
#  File has not been updated.
#  recipe to execute (from 'Makefile', line 312):
	$(MAKE) -f CMakeFiles/_project_elf_src.dir/build.make CMakeFiles/_project_elf_src.dir/build

__idf_wear_levelling: cmake_check_build_system
#  Phony target (prerequisite of .PHONY).
#  Implicit rule search has not been done.
#  File does not exist.
#  File has not been updated.
#  recipe to execute (from 'Makefile', line 1490):
	$(MAKE) -f CMakeFiles/Makefile2 __idf_wear_levelling

__idf_cmock/fast:
#  Phony target (prerequisite of .PHONY).
#  Implicit rule search has not been done.
#  File does not exist.
#  File has not been updated.
#  recipe to execute (from 'Makefile', line 1248):
	$(MAKE) -f esp-idf/cmock/CMakeFiles/__idf_cmock.dir/build.make esp-idf/cmock/CMakeFiles/__idf_cmock.dir/build

bootloader/fast:
#  Phony target (prerequisite of .PHONY).
#  Implicit rule search has not been done.
#  File does not exist.
#  File has not been updated.
#  recipe to execute (from 'Makefile', line 234):
	$(MAKE) -f CMakeFiles/bootloader.dir/build.make CMakeFiles/bootloader.dir/build

__idf_heap: cmake_check_build_system
#  Phony target (prerequisite of .PHONY).
#  Implicit rule search has not been done.
#  File does not exist.
#  File has not been updated.
#  recipe to execute (from 'Makefile', line 1061):
	$(MAKE) -f CMakeFiles/Makefile2 __idf_heap

__idf_unity/fast:
#  Phony target (prerequisite of .PHONY).
#  Implicit rule search has not been done.
#  File does not exist.
#  File has not been updated.
#  recipe to execute (from 'Makefile', line 1235):
	$(MAKE) -f esp-idf/unity/CMakeFiles/__idf_unity.dir/build.make esp-idf/unity/CMakeFiles/__idf_unity.dir/build

partition-table: cmake_check_build_system
#  Phony target (prerequisite of .PHONY).
#  Implicit rule search has not been done.
#  File does not exist.
#  File has not been updated.
#  recipe to execute (from 'Makefile', line 723):
	$(MAKE) -f CMakeFiles/Makefile2 partition-table

__idf_soc/fast:
#  Phony target (prerequisite of .PHONY).
#  Implicit rule search has not been done.
#  File does not exist.
#  File has not been updated.
#  recipe to execute (from 'Makefile', line 1079):
	$(MAKE) -f esp-idf/soc/CMakeFiles/__idf_soc.dir/build.make esp-idf/soc/CMakeFiles/__idf_soc.dir/build

uf2-app/fast:
#  Phony target (prerequisite of .PHONY).
#  Implicit rule search has not been done.
#  File does not exist.
#  File has not been updated.
#  recipe to execute (from 'Makefile', line 273):
	$(MAKE) -f CMakeFiles/uf2-app.dir/build.make CMakeFiles/uf2-app.dir/build

encrypted-bootloader-flash/fast:
#  Phony target (prerequisite of .PHONY).
#  Implicit rule search has not been done.
#  File does not exist.
#  File has not been updated.
#  recipe to execute (from 'Makefile', line 624):
	$(MAKE) -f esp-idf/bootloader/CMakeFiles/encrypted-bootloader-flash.dir/build.make esp-idf/bootloader/CMakeFiles/encrypted-bootloader-flash.dir/build

__idf_xtensa: cmake_check_build_system
#  Phony target (prerequisite of .PHONY).
#  Implicit rule search has not been done.
#  File does not exist.
#  File has not been updated.
#  recipe to execute (from 'Makefile', line 1100):
	$(MAKE) -f CMakeFiles/Makefile2 __idf_xtensa

flash: cmake_check_build_system
#  Phony target (prerequisite of .PHONY).
#  Implicit rule search has not been done.
#  File does not exist.
#  File has not been updated.
#  recipe to execute (from 'Makefile', line 203):
	$(MAKE) -f CMakeFiles/Makefile2 flash

show-efuse-table: cmake_check_build_system
#  Phony target (prerequisite of .PHONY).
#  Implicit rule search has not been done.
#  File does not exist.
#  File has not been updated.
#  recipe to execute (from 'Makefile', line 424):
	$(MAKE) -f CMakeFiles/Makefile2 show-efuse-table

efuse_custom_table/fast:
#  Phony target (prerequisite of .PHONY).
#  Implicit rule search has not been done.
#  File does not exist.
#  File has not been updated.
#  recipe to execute (from 'Makefile', line 455):
	$(MAKE) -f esp-idf/efuse/CMakeFiles/efuse_custom_table.dir/build.make esp-idf/efuse/CMakeFiles/efuse_custom_table.dir/build

__idf_esp_ipc: cmake_check_build_system
#  Phony target (prerequisite of .PHONY).
#  Implicit rule search has not been done.
#  File does not exist.
#  File has not been updated.
#  recipe to execute (from 'Makefile', line 489):
	$(MAKE) -f CMakeFiles/Makefile2 __idf_esp_ipc

app-flash: cmake_check_build_system
#  Phony target (prerequisite of .PHONY).
#  Implicit rule search has not been done.
#  File does not exist.
#  File has not been updated.
#  recipe to execute (from 'Makefile', line 671):
	$(MAKE) -f CMakeFiles/Makefile2 app-flash

encrypted-bootloader-flash: cmake_check_build_system
#  Phony target (prerequisite of .PHONY).
#  Implicit rule search has not been done.
#  File does not exist.
#  File has not been updated.
#  recipe to execute (from 'Makefile', line 619):
	$(MAKE) -f CMakeFiles/Makefile2 encrypted-bootloader-flash

efuse-common-table/fast:
#  Phony target (prerequisite of .PHONY).
#  Implicit rule search has not been done.
#  File does not exist.
#  File has not been updated.
#  recipe to execute (from 'Makefile', line 403):
	$(MAKE) -f esp-idf/efuse/CMakeFiles/efuse-common-table.dir/build.make esp-idf/efuse/CMakeFiles/efuse-common-table.dir/build

__idf_tcpip_adapter: cmake_check_build_system
#  Phony target (prerequisite of .PHONY).
#  Implicit rule search has not been done.
#  File does not exist.
#  File has not been updated.
#  recipe to execute (from 'Makefile', line 957):
	$(MAKE) -f CMakeFiles/Makefile2 __idf_tcpip_adapter

menuconfig: cmake_check_build_system
#  Phony target (prerequisite of .PHONY).
#  Implicit rule search has not been done.
#  File does not exist.
#  File has not been updated.
#  recipe to execute (from 'Makefile', line 190):
	$(MAKE) -f CMakeFiles/Makefile2 menuconfig

__idf_openssl: cmake_check_build_system
#  Phony target (prerequisite of .PHONY).
#  Implicit rule search has not been done.
#  File does not exist.
#  File has not been updated.
#  recipe to execute (from 'Makefile', line 1581):
	$(MAKE) -f CMakeFiles/Makefile2 __idf_openssl

# Not a target:
.hpux_make_needs_suffix_list:
#  Implicit rule search has not been done.
#  Modification time never checked.
 
#  File has not been updated.

__idf_esp_local_ctrl/fast:
#  Phony target (prerequisite of .PHONY).
#  Implicit rule search has not been done.
#  File does not exist.
#  File has not been updated.
#  recipe to execute (from 'Makefile', line 1430):
	$(MAKE) -f esp-idf/esp_local_ctrl/CMakeFiles/__idf_esp_local_ctrl.dir/build.make esp-idf/esp_local_ctrl/CMakeFiles/__idf_esp_local_ctrl.dir/build

show_efuse_table/fast:
#  Phony target (prerequisite of .PHONY).
#  Implicit rule search has not been done.
#  File does not exist.
#  File has not been updated.
#  recipe to execute (from 'Makefile', line 468):
	$(MAKE) -f esp-idf/efuse/CMakeFiles/show_efuse_table.dir/build.make esp-idf/efuse/CMakeFiles/show_efuse_table.dir/build

__idf_esp_gdbstub: cmake_check_build_system
#  Phony target (prerequisite of .PHONY).
#  Implicit rule search has not been done.
#  File does not exist.
#  File has not been updated.
#  recipe to execute (from 'Makefile', line 827):
	$(MAKE) -f CMakeFiles/Makefile2 __idf_esp_gdbstub

__idf_sdmmc: cmake_check_build_system
#  Phony target (prerequisite of .PHONY).
#  Implicit rule search has not been done.
#  File does not exist.
#  File has not been updated.
#  recipe to execute (from 'Makefile', line 1438):
	$(MAKE) -f CMakeFiles/Makefile2 __idf_sdmmc

monitor/fast:
#  Phony target (prerequisite of .PHONY).
#  Implicit rule search has not been done.
#  File does not exist.
#  File has not been updated.
#  recipe to execute (from 'Makefile', line 299):
	$(MAKE) -f CMakeFiles/monitor.dir/build.make CMakeFiles/monitor.dir/build

__idf_jsmn/fast:
#  Phony target (prerequisite of .PHONY).
#  Implicit rule search has not been done.
#  File does not exist.
#  File has not been updated.
#  recipe to execute (from 'Makefile', line 1534):
	$(MAKE) -f esp-idf/jsmn/CMakeFiles/__idf_jsmn.dir/build.make esp-idf/jsmn/CMakeFiles/__idf_jsmn.dir/build

app_check_size: cmake_check_build_system
#  Phony target (prerequisite of .PHONY).
#  Implicit rule search has not been done.
#  File does not exist.
#  File has not been updated.
#  recipe to execute (from 'Makefile', line 645):
	$(MAKE) -f CMakeFiles/Makefile2 app_check_size

__idf_app_trace: cmake_check_build_system
#  Phony target (prerequisite of .PHONY).
#  Implicit rule search has not been done.
#  File does not exist.
#  File has not been updated.
#  recipe to execute (from 'Makefile', line 1178):
	$(MAKE) -f CMakeFiles/Makefile2 __idf_app_trace

__idf_fatfs/fast:
#  Phony target (prerequisite of .PHONY).
#  Implicit rule search has not been done.
#  File does not exist.
#  File has not been updated.
#  recipe to execute (from 'Makefile', line 1508):
	$(MAKE) -f esp-idf/fatfs/CMakeFiles/__idf_fatfs.dir/build.make esp-idf/fatfs/CMakeFiles/__idf_fatfs.dir/build

__idf_esp_hw_support: cmake_check_build_system
#  Phony target (prerequisite of .PHONY).
#  Implicit rule search has not been done.
#  File does not exist.
#  File has not been updated.
#  recipe to execute (from 'Makefile', line 1087):
	$(MAKE) -f CMakeFiles/Makefile2 __idf_esp_hw_support

__idf_newlib/fast:
#  Phony target (prerequisite of .PHONY).
#  Implicit rule search has not been done.
#  File does not exist.
#  File has not been updated.
#  recipe to execute (from 'Makefile', line 1157):
	$(MAKE) -f esp-idf/newlib/CMakeFiles/__idf_newlib.dir/build.make esp-idf/newlib/CMakeFiles/__idf_newlib.dir/build

mbedcrypto/fast:
#  Phony target (prerequisite of .PHONY).
#  Implicit rule search has not been done.
#  File does not exist.
#  File has not been updated.
#  recipe to execute (from 'Makefile', line 611):
	$(MAKE) -f esp-idf/mbedtls/mbedtls/library/CMakeFiles/mbedcrypto.dir/build.make esp-idf/mbedtls/mbedtls/library/CMakeFiles/mbedcrypto.dir/build

apidoc/fast:
#  Phony target (prerequisite of .PHONY).
#  Implicit rule search has not been done.
#  File does not exist.
#  File has not been updated.
#  recipe to execute (from 'Makefile', line 559):
	$(MAKE) -f esp-idf/mbedtls/mbedtls/CMakeFiles/apidoc.dir/build.make esp-idf/mbedtls/mbedtls/CMakeFiles/apidoc.dir/build

__idf_esp_eth: cmake_check_build_system
#  Phony target (prerequisite of .PHONY).
#  Implicit rule search has not been done.
#  File does not exist.
#  File has not been updated.
#  recipe to execute (from 'Makefile', line 944):
	$(MAKE) -f CMakeFiles/Makefile2 __idf_esp_eth

__idf_protobuf-c: cmake_check_build_system
#  Phony target (prerequisite of .PHONY).
#  Implicit rule search has not been done.
#  File does not exist.
#  File has not been updated.
#  recipe to execute (from 'Makefile', line 1386):
	$(MAKE) -f CMakeFiles/Makefile2 __idf_protobuf-c

__idf_bt/fast:
#  Phony target (prerequisite of .PHONY).
#  Implicit rule search has not been done.
#  File does not exist.
#  File has not been updated.
#  recipe to execute (from 'Makefile', line 1209):
	$(MAKE) -f esp-idf/bt/CMakeFiles/__idf_bt.dir/build.make esp-idf/bt/CMakeFiles/__idf_bt.dir/build

__idf_esp-tls: cmake_check_build_system
#  Phony target (prerequisite of .PHONY).
#  Implicit rule search has not been done.
#  File does not exist.
#  File has not been updated.
#  recipe to execute (from 'Makefile', line 1282):
	$(MAKE) -f CMakeFiles/Makefile2 __idf_esp-tls

mbedx509: cmake_check_build_system
#  Phony target (prerequisite of .PHONY).
#  Implicit rule search has not been done.
#  File does not exist.
#  File has not been updated.
#  recipe to execute (from 'Makefile', line 593):
	$(MAKE) -f CMakeFiles/Makefile2 mbedx509

project_elf_src_esp32.i: project_elf_src_esp32.c.i
#  Phony target (prerequisite of .PHONY).
#  Implicit rule search has not been done.
#  File does not exist.
#  File has not been updated.

__idf_esp_netif: cmake_check_build_system
#  Phony target (prerequisite of .PHONY).
#  Implicit rule search has not been done.
#  File does not exist.
#  File has not been updated.
#  recipe to execute (from 'Makefile', line 970):
	$(MAKE) -f CMakeFiles/Makefile2 __idf_esp_netif

__idf_asio: cmake_check_build_system
#  Phony target (prerequisite of .PHONY).
#  Implicit rule search has not been done.
#  File does not exist.
#  File has not been updated.
#  recipe to execute (from 'Makefile', line 1191):
	$(MAKE) -f CMakeFiles/Makefile2 __idf_asio

size-components: cmake_check_build_system
#  Phony target (prerequisite of .PHONY).
#  Implicit rule search has not been done.
#  File does not exist.
#  File has not been updated.
#  recipe to execute (from 'Makefile', line 177):
	$(MAKE) -f CMakeFiles/Makefile2 size-components

efuse-custom-table: cmake_check_build_system
#  Phony target (prerequisite of .PHONY).
#  Implicit rule search has not been done.
#  File does not exist.
#  File has not been updated.
#  recipe to execute (from 'Makefile', line 437):
	$(MAKE) -f CMakeFiles/Makefile2 efuse-custom-table

encrypted-flash: cmake_check_build_system
#  Phony target (prerequisite of .PHONY).
#  Implicit rule search has not been done.
#  File does not exist.
#  File has not been updated.
#  recipe to execute (from 'Makefile', line 333):
	$(MAKE) -f CMakeFiles/Makefile2 encrypted-flash

__idf_esp_local_ctrl: cmake_check_build_system
#  Phony target (prerequisite of .PHONY).
#  Implicit rule search has not been done.
#  File does not exist.
#  File has not been updated.
#  recipe to execute (from 'Makefile', line 1425):
	$(MAKE) -f CMakeFiles/Makefile2 __idf_esp_local_ctrl

__idf_newlib: cmake_check_build_system
#  Phony target (prerequisite of .PHONY).
#  Implicit rule search has not been done.
#  File does not exist.
#  File has not been updated.
#  recipe to execute (from 'Makefile', line 1152):
	$(MAKE) -f CMakeFiles/Makefile2 __idf_newlib

EnergyConsumptionFramework.elf: cmake_check_build_system
#  Phony target (prerequisite of .PHONY).
#  Implicit rule search has not been done.
#  File does not exist.
#  File has not been updated.
#  recipe to execute (from 'Makefile', line 320):
	$(MAKE) -f CMakeFiles/Makefile2 EnergyConsumptionFramework.elf

partition_table_bin: cmake_check_build_system
#  Phony target (prerequisite of .PHONY).
#  Implicit rule search has not been done.
#  File does not exist.
#  File has not been updated.
#  recipe to execute (from 'Makefile', line 736):
	$(MAKE) -f CMakeFiles/Makefile2 partition_table_bin

__idf_esp_ringbuf/fast:
#  Phony target (prerequisite of .PHONY).
#  Implicit rule search has not been done.
#  File does not exist.
#  File has not been updated.
#  recipe to execute (from 'Makefile', line 377):
	$(MAKE) -f esp-idf/esp_ringbuf/CMakeFiles/__idf_esp_ringbuf.dir/build.make esp-idf/esp_ringbuf/CMakeFiles/__idf_esp_ringbuf.dir/build

__idf_wifi_provisioning: cmake_check_build_system
#  Phony target (prerequisite of .PHONY).
#  Implicit rule search has not been done.
#  File does not exist.
#  File has not been updated.
#  recipe to execute (from 'Makefile', line 1633):
	$(MAKE) -f CMakeFiles/Makefile2 __idf_wifi_provisioning

efuse_test_table/fast:
#  Phony target (prerequisite of .PHONY).
#  Implicit rule search has not been done.
#  File does not exist.
#  File has not been updated.
#  recipe to execute (from 'Makefile', line 481):
	$(MAKE) -f esp-idf/efuse/CMakeFiles/efuse_test_table.dir/build.make esp-idf/efuse/CMakeFiles/efuse_test_table.dir/build

__idf_mbedtls: cmake_check_build_system
#  Phony target (prerequisite of .PHONY).
#  Implicit rule search has not been done.
#  File does not exist.
#  File has not been updated.
#  recipe to execute (from 'Makefile', line 541):
	$(MAKE) -f CMakeFiles/Makefile2 __idf_mbedtls

__idf_esp_system: cmake_check_build_system
#  Phony target (prerequisite of .PHONY).
#  Implicit rule search has not been done.
#  File does not exist.
#  File has not been updated.
#  recipe to execute (from 'Makefile', line 892):
	$(MAKE) -f CMakeFiles/Makefile2 __idf_esp_system

confserver: cmake_check_build_system
#  Phony target (prerequisite of .PHONY).
#  Implicit rule search has not been done.
#  File does not exist.
#  File has not been updated.
#  recipe to execute (from 'Makefile', line 216):
	$(MAKE) -f CMakeFiles/Makefile2 confserver

__idf_mqtt/fast:
#  Phony target (prerequisite of .PHONY).
#  Implicit rule search has not been done.
#  File does not exist.
#  File has not been updated.
#  recipe to execute (from 'Makefile', line 1573):
	$(MAKE) -f esp-idf/mqtt/CMakeFiles/__idf_mqtt.dir/build.make esp-idf/mqtt/CMakeFiles/__idf_mqtt.dir/build

install: preinstall
#  Phony target (prerequisite of .PHONY).
#  Implicit rule search has not been done.
#  File does not exist.
#  File has not been updated.
#  recipe to execute (from 'Makefile', line 95):
	@$(CMAKE_COMMAND) -E cmake_echo_color --switch=$(COLOR) --cyan "Install the project..."
	/usr/bin/cmake -P cmake_install.cmake

rebuild_cache:
#  Phony target (prerequisite of .PHONY).
#  Implicit rule search has not been done.
#  File does not exist.
#  File has not been updated.
#  recipe to execute (from 'Makefile', line 61):
	@$(CMAKE_COMMAND) -E cmake_echo_color --switch=$(COLOR) --cyan "Running CMake to regenerate build system..."
	/usr/bin/cmake -S$(CMAKE_SOURCE_DIR) -B$(CMAKE_BINARY_DIR)

# files hash-table stats:
# Load=265/1024=26%, Rehash=0, Collisions=128/932=14%
# VPATH Search Paths

# No 'vpath' search paths.

# No general ('VPATH' variable) search path.

# strcache buffers: 1 (0) / strings = 301 / storage = 5105 B / avg = 16 B
# current buf: size = 8162 B / used = 5105 B / count = 301 / avg = 16 B

# strcache performance: lookups = 1476 / hit rate = 79%
# hash-table stats:
# Load=301/8192=4%, Rehash=0, Collisions=44/1476=3%
# Finished Make data base on Mon Jul 25 09:55:02 2022

 
